{"D:\\1. KULIAH\\semester 6\\ppl 1\\projek\\PPL1-HilangArah-2026\\backend\\controllers\\adminDashboardController.js": {"path":"D:\\1. KULIAH\\semester 6\\ppl 1\\projek\\PPL1-HilangArah-2026\\backend\\controllers\\adminDashboardController.js","statementMap":{"0":{"start":{"line":1,"column":13},"end":{"line":1,"column":29}},"1":{"start":{"line":3,"column":26},"end":{"line":72,"column":1}},"2":{"start":{"line":4,"column":4},"end":{"line":71,"column":5}},"3":{"start":{"line":11,"column":12},"end":{"line":47,"column":10}},"4":{"start":{"line":49,"column":27},"end":{"line":49,"column":47}},"5":{"start":{"line":50,"column":27},"end":{"line":50,"column":46}},"6":{"start":{"line":51,"column":30},"end":{"line":51,"column":57}},"7":{"start":{"line":52,"column":31},"end":{"line":52,"column":95}},"8":{"start":{"line":54,"column":8},"end":{"line":66,"column":11}},"9":{"start":{"line":69,"column":8},"end":{"line":69,"column":61}},"10":{"start":{"line":70,"column":8},"end":{"line":70,"column":101}},"11":{"start":{"line":74,"column":0},"end":{"line":74,"column":39}}},"fnMap":{"0":{"name":"(anonymous_0)","decl":{"start":{"line":3,"column":26},"end":{"line":3,"column":27}},"loc":{"start":{"line":3,"column":46},"end":{"line":72,"column":1}},"line":3}},"branchMap":{"0":{"loc":{"start":{"line":52,"column":31},"end":{"line":52,"column":95}},"type":"cond-expr","locations":[{"start":{"line":52,"column":48},"end":{"line":52,"column":91}},{"start":{"line":52,"column":94},"end":{"line":52,"column":95}}],"line":52}},"s":{"0":1,"1":1,"2":2,"3":2,"4":2,"5":2,"6":2,"7":2,"8":2,"9":0,"10":0,"11":1},"f":{"0":2},"b":{"0":[1,1]},"_coverageSchema":"1a1c01bbd47fc00a2c39e90264f33305004495a9","hash":"14edb849a7c2fcb6e819ba16aa6f8d7454670cad"}
,"D:\\1. KULIAH\\semester 6\\ppl 1\\projek\\PPL1-HilangArah-2026\\backend\\controllers\\adminGuideController.js": {"path":"D:\\1. KULIAH\\semester 6\\ppl 1\\projek\\PPL1-HilangArah-2026\\backend\\controllers\\adminGuideController.js","statementMap":{"0":{"start":{"line":1,"column":13},"end":{"line":1,"column":29}},"1":{"start":{"line":2,"column":32},"end":{"line":2,"column":62}},"2":{"start":{"line":4,"column":21},"end":{"line":45,"column":1}},"3":{"start":{"line":5,"column":4},"end":{"line":44,"column":5}},"4":{"start":{"line":6,"column":27},"end":{"line":6,"column":36}},"5":{"start":{"line":8,"column":8},"end":{"line":8,"column":40}},"6":{"start":{"line":9,"column":27},"end":{"line":15,"column":9}},"7":{"start":{"line":16,"column":30},"end":{"line":16,"column":58}},"8":{"start":{"line":18,"column":25},"end":{"line":18,"column":57}},"9":{"start":{"line":19,"column":28},"end":{"line":19,"column":30}},"10":{"start":{"line":21,"column":8},"end":{"line":24,"column":9}},"11":{"start":{"line":22,"column":12},"end":{"line":22,"column":93}},"12":{"start":{"line":23,"column":12},"end":{"line":23,"column":74}},"13":{"start":{"line":26,"column":8},"end":{"line":26,"column":48}},"14":{"start":{"line":27,"column":25},"end":{"line":27,"column":66}},"15":{"start":{"line":29,"column":8},"end":{"line":39,"column":11}},"16":{"start":{"line":42,"column":8},"end":{"line":42,"column":52}},"17":{"start":{"line":43,"column":8},"end":{"line":43,"column":99}},"18":{"start":{"line":47,"column":23},"end":{"line":60,"column":1}},"19":{"start":{"line":48,"column":4},"end":{"line":59,"column":5}},"20":{"start":{"line":49,"column":32},"end":{"line":49,"column":42}},"21":{"start":{"line":50,"column":24},"end":{"line":50,"column":101}},"22":{"start":{"line":52,"column":8},"end":{"line":54,"column":9}},"23":{"start":{"line":53,"column":12},"end":{"line":53,"column":86}},"24":{"start":{"line":56,"column":8},"end":{"line":56,"column":87}},"25":{"start":{"line":58,"column":8},"end":{"line":58,"column":71}},"26":{"start":{"line":62,"column":20},"end":{"line":85,"column":1}},"27":{"start":{"line":63,"column":4},"end":{"line":84,"column":5}},"28":{"start":{"line":64,"column":75},"end":{"line":64,"column":83}},"29":{"start":{"line":66,"column":8},"end":{"line":68,"column":9}},"30":{"start":{"line":67,"column":12},"end":{"line":67,"column":112}},"31":{"start":{"line":70,"column":26},"end":{"line":70,"column":63}},"32":{"start":{"line":71,"column":28},"end":{"line":71,"column":44}},"33":{"start":{"line":73,"column":28},"end":{"line":76,"column":9}},"34":{"start":{"line":78,"column":8},"end":{"line":78,"column":125}},"35":{"start":{"line":80,"column":8},"end":{"line":80,"column":88}},"36":{"start":{"line":82,"column":8},"end":{"line":82,"column":54}},"37":{"start":{"line":83,"column":8},"end":{"line":83,"column":69}},"38":{"start":{"line":87,"column":26},"end":{"line":104,"column":1}},"39":{"start":{"line":88,"column":4},"end":{"line":103,"column":5}},"40":{"start":{"line":89,"column":32},"end":{"line":89,"column":42}},"41":{"start":{"line":90,"column":33},"end":{"line":90,"column":41}},"42":{"start":{"line":92,"column":20},"end":{"line":92,"column":40}},"43":{"start":{"line":94,"column":25},"end":{"line":94,"column":121}},"44":{"start":{"line":96,"column":8},"end":{"line":98,"column":9}},"45":{"start":{"line":97,"column":12},"end":{"line":97,"column":86}},"46":{"start":{"line":100,"column":8},"end":{"line":100,"column":69}},"47":{"start":{"line":102,"column":8},"end":{"line":102,"column":76}},"48":{"start":{"line":107,"column":20},"end":{"line":125,"column":1}},"49":{"start":{"line":108,"column":4},"end":{"line":124,"column":5}},"50":{"start":{"line":109,"column":32},"end":{"line":109,"column":42}},"51":{"start":{"line":110,"column":75},"end":{"line":110,"column":83}},"52":{"start":{"line":112,"column":25},"end":{"line":115,"column":9}},"53":{"start":{"line":117,"column":8},"end":{"line":119,"column":9}},"54":{"start":{"line":118,"column":12},"end":{"line":118,"column":78}},"55":{"start":{"line":121,"column":8},"end":{"line":121,"column":79}},"56":{"start":{"line":123,"column":8},"end":{"line":123,"column":72}},"57":{"start":{"line":128,"column":20},"end":{"line":140,"column":1}},"58":{"start":{"line":129,"column":4},"end":{"line":139,"column":5}},"59":{"start":{"line":130,"column":32},"end":{"line":130,"column":42}},"60":{"start":{"line":131,"column":25},"end":{"line":131,"column":100}},"61":{"start":{"line":133,"column":8},"end":{"line":135,"column":9}},"62":{"start":{"line":134,"column":12},"end":{"line":134,"column":78}},"63":{"start":{"line":136,"column":8},"end":{"line":136,"column":68}},"64":{"start":{"line":138,"column":8},"end":{"line":138,"column":67}},"65":{"start":{"line":142,"column":0},"end":{"line":149,"column":2}}},"fnMap":{"0":{"name":"(anonymous_0)","decl":{"start":{"line":4,"column":21},"end":{"line":4,"column":22}},"loc":{"start":{"line":4,"column":41},"end":{"line":45,"column":1}},"line":4},"1":{"name":"(anonymous_1)","decl":{"start":{"line":47,"column":23},"end":{"line":47,"column":24}},"loc":{"start":{"line":47,"column":43},"end":{"line":60,"column":1}},"line":47},"2":{"name":"(anonymous_2)","decl":{"start":{"line":62,"column":20},"end":{"line":62,"column":21}},"loc":{"start":{"line":62,"column":40},"end":{"line":85,"column":1}},"line":62},"3":{"name":"(anonymous_3)","decl":{"start":{"line":87,"column":26},"end":{"line":87,"column":27}},"loc":{"start":{"line":87,"column":46},"end":{"line":104,"column":1}},"line":87},"4":{"name":"(anonymous_4)","decl":{"start":{"line":107,"column":20},"end":{"line":107,"column":21}},"loc":{"start":{"line":107,"column":40},"end":{"line":125,"column":1}},"line":107},"5":{"name":"(anonymous_5)","decl":{"start":{"line":128,"column":20},"end":{"line":128,"column":21}},"loc":{"start":{"line":128,"column":40},"end":{"line":140,"column":1}},"line":128}},"branchMap":{"0":{"loc":{"start":{"line":21,"column":8},"end":{"line":24,"column":9}},"type":"if","locations":[{"start":{"line":21,"column":8},"end":{"line":24,"column":9}},{"start":{},"end":{}}],"line":21},"1":{"loc":{"start":{"line":33,"column":27},"end":{"line":33,"column":60}},"type":"binary-expr","locations":[{"start":{"line":33,"column":27},"end":{"line":33,"column":55}},{"start":{"line":33,"column":59},"end":{"line":33,"column":60}}],"line":33},"2":{"loc":{"start":{"line":34,"column":30},"end":{"line":34,"column":58}},"type":"binary-expr","locations":[{"start":{"line":34,"column":30},"end":{"line":34,"column":53}},{"start":{"line":34,"column":57},"end":{"line":34,"column":58}}],"line":34},"3":{"loc":{"start":{"line":35,"column":36},"end":{"line":35,"column":70}},"type":"binary-expr","locations":[{"start":{"line":35,"column":36},"end":{"line":35,"column":65}},{"start":{"line":35,"column":69},"end":{"line":35,"column":70}}],"line":35},"4":{"loc":{"start":{"line":52,"column":8},"end":{"line":54,"column":9}},"type":"if","locations":[{"start":{"line":52,"column":8},"end":{"line":54,"column":9}},{"start":{},"end":{}}],"line":52},"5":{"loc":{"start":{"line":66,"column":8},"end":{"line":68,"column":9}},"type":"if","locations":[{"start":{"line":66,"column":8},"end":{"line":68,"column":9}},{"start":{},"end":{}}],"line":66},"6":{"loc":{"start":{"line":66,"column":12},"end":{"line":66,"column":63}},"type":"binary-expr","locations":[{"start":{"line":66,"column":12},"end":{"line":66,"column":22}},{"start":{"line":66,"column":26},"end":{"line":66,"column":39}},{"start":{"line":66,"column":43},"end":{"line":66,"column":52}},{"start":{"line":66,"column":56},"end":{"line":66,"column":63}}],"line":66},"7":{"loc":{"start":{"line":78,"column":95},"end":{"line":78,"column":106}},"type":"binary-expr","locations":[{"start":{"line":78,"column":95},"end":{"line":78,"column":98}},{"start":{"line":78,"column":102},"end":{"line":78,"column":106}}],"line":78},"8":{"loc":{"start":{"line":78,"column":108},"end":{"line":78,"column":122}},"type":"binary-expr","locations":[{"start":{"line":78,"column":108},"end":{"line":78,"column":114}},{"start":{"line":78,"column":118},"end":{"line":78,"column":122}}],"line":78},"9":{"loc":{"start":{"line":92,"column":20},"end":{"line":92,"column":40}},"type":"cond-expr","locations":[{"start":{"line":92,"column":35},"end":{"line":92,"column":36}},{"start":{"line":92,"column":39},"end":{"line":92,"column":40}}],"line":92},"10":{"loc":{"start":{"line":96,"column":8},"end":{"line":98,"column":9}},"type":"if","locations":[{"start":{"line":96,"column":8},"end":{"line":98,"column":9}},{"start":{},"end":{}}],"line":96},"11":{"loc":{"start":{"line":114,"column":56},"end":{"line":114,"column":67}},"type":"binary-expr","locations":[{"start":{"line":114,"column":56},"end":{"line":114,"column":59}},{"start":{"line":114,"column":63},"end":{"line":114,"column":67}}],"line":114},"12":{"loc":{"start":{"line":114,"column":69},"end":{"line":114,"column":83}},"type":"binary-expr","locations":[{"start":{"line":114,"column":69},"end":{"line":114,"column":75}},{"start":{"line":114,"column":79},"end":{"line":114,"column":83}}],"line":114},"13":{"loc":{"start":{"line":117,"column":8},"end":{"line":119,"column":9}},"type":"if","locations":[{"start":{"line":117,"column":8},"end":{"line":119,"column":9}},{"start":{},"end":{}}],"line":117},"14":{"loc":{"start":{"line":133,"column":8},"end":{"line":135,"column":9}},"type":"if","locations":[{"start":{"line":133,"column":8},"end":{"line":135,"column":9}},{"start":{},"end":{}}],"line":133}},"s":{"0":1,"1":1,"2":1,"3":2,"4":2,"5":2,"6":2,"7":2,"8":2,"9":2,"10":2,"11":1,"12":1,"13":2,"14":2,"15":2,"16":0,"17":0,"18":1,"19":2,"20":2,"21":2,"22":2,"23":1,"24":1,"25":0,"26":1,"27":2,"28":2,"29":2,"30":1,"31":1,"32":1,"33":1,"34":1,"35":1,"36":0,"37":0,"38":1,"39":2,"40":2,"41":2,"42":2,"43":2,"44":2,"45":1,"46":1,"47":0,"48":1,"49":2,"50":2,"51":2,"52":2,"53":2,"54":1,"55":1,"56":0,"57":1,"58":2,"59":2,"60":2,"61":2,"62":1,"63":1,"64":0,"65":1},"f":{"0":2,"1":2,"2":2,"3":2,"4":2,"5":2},"b":{"0":[1,1],"1":[2,0],"2":[2,0],"3":[2,1],"4":[1,1],"5":[1,1],"6":[2,2,1,1],"7":[1,0],"8":[1,0],"9":[1,1],"10":[1,1],"11":[2,1],"12":[2,1],"13":[1,1],"14":[1,1]},"_coverageSchema":"1a1c01bbd47fc00a2c39e90264f33305004495a9","hash":"60553598edca3e2be816f38bcb75475afeb3be0f"}
,"D:\\1. KULIAH\\semester 6\\ppl 1\\projek\\PPL1-HilangArah-2026\\backend\\controllers\\adminManageController.js": {"path":"D:\\1. KULIAH\\semester 6\\ppl 1\\projek\\PPL1-HilangArah-2026\\backend\\controllers\\adminManageController.js","statementMap":{"0":{"start":{"line":1,"column":13},"end":{"line":1,"column":29}},"1":{"start":{"line":2,"column":15},"end":{"line":2,"column":32}},"2":{"start":{"line":3,"column":15},"end":{"line":3,"column":32}},"3":{"start":{"line":5,"column":21},"end":{"line":23,"column":1}},"4":{"start":{"line":6,"column":4},"end":{"line":22,"column":5}},"5":{"start":{"line":7,"column":22},"end":{"line":10,"column":33}},"6":{"start":{"line":11,"column":25},"end":{"line":11,"column":48}},"7":{"start":{"line":13,"column":8},"end":{"line":17,"column":11}},"8":{"start":{"line":20,"column":8},"end":{"line":20,"column":51}},"9":{"start":{"line":21,"column":8},"end":{"line":21,"column":73}},"10":{"start":{"line":25,"column":24},"end":{"line":64,"column":1}},"11":{"start":{"line":26,"column":4},"end":{"line":63,"column":5}},"12":{"start":{"line":27,"column":36},"end":{"line":27,"column":44}},"13":{"start":{"line":29,"column":8},"end":{"line":31,"column":9}},"14":{"start":{"line":30,"column":12},"end":{"line":30,"column":86}},"15":{"start":{"line":33,"column":27},"end":{"line":33,"column":70}},"16":{"start":{"line":34,"column":32},"end":{"line":34,"column":69}},"17":{"start":{"line":36,"column":8},"end":{"line":40,"column":9}},"18":{"start":{"line":37,"column":12},"end":{"line":39,"column":15}},"19":{"start":{"line":42,"column":31},"end":{"line":42,"column":62}},"20":{"start":{"line":43,"column":25},"end":{"line":43,"column":44}},"21":{"start":{"line":45,"column":26},"end":{"line":45,"column":45}},"22":{"start":{"line":47,"column":28},"end":{"line":47,"column":149}},"23":{"start":{"line":48,"column":8},"end":{"line":48,"column":84}},"24":{"start":{"line":50,"column":8},"end":{"line":58,"column":11}},"25":{"start":{"line":61,"column":8},"end":{"line":61,"column":53}},"26":{"start":{"line":62,"column":8},"end":{"line":62,"column":102}},"27":{"start":{"line":66,"column":20},"end":{"line":88,"column":1}},"28":{"start":{"line":67,"column":4},"end":{"line":87,"column":5}},"29":{"start":{"line":68,"column":21},"end":{"line":68,"column":31}},"30":{"start":{"line":69,"column":35},"end":{"line":69,"column":43}},"31":{"start":{"line":71,"column":8},"end":{"line":73,"column":9}},"32":{"start":{"line":72,"column":12},"end":{"line":72,"column":87}},"33":{"start":{"line":75,"column":22},"end":{"line":75,"column":105}},"34":{"start":{"line":76,"column":25},"end":{"line":76,"column":72}},"35":{"start":{"line":78,"column":8},"end":{"line":80,"column":9}},"36":{"start":{"line":79,"column":12},"end":{"line":79,"column":99}},"37":{"start":{"line":82,"column":8},"end":{"line":82,"column":73}},"38":{"start":{"line":85,"column":8},"end":{"line":85,"column":53}},"39":{"start":{"line":86,"column":8},"end":{"line":86,"column":73}},"40":{"start":{"line":90,"column":26},"end":{"line":106,"column":1}},"41":{"start":{"line":91,"column":4},"end":{"line":105,"column":5}},"42":{"start":{"line":92,"column":21},"end":{"line":92,"column":31}},"43":{"start":{"line":93,"column":22},"end":{"line":93,"column":95}},"44":{"start":{"line":94,"column":25},"end":{"line":94,"column":54}},"45":{"start":{"line":96,"column":8},"end":{"line":98,"column":9}},"46":{"start":{"line":97,"column":12},"end":{"line":97,"column":77}},"47":{"start":{"line":100,"column":8},"end":{"line":100,"column":103}},"48":{"start":{"line":103,"column":8},"end":{"line":103,"column":53}},"49":{"start":{"line":104,"column":8},"end":{"line":104,"column":71}},"50":{"start":{"line":108,"column":23},"end":{"line":136,"column":1}},"51":{"start":{"line":109,"column":4},"end":{"line":135,"column":5}},"52":{"start":{"line":110,"column":23},"end":{"line":110,"column":39}},"53":{"start":{"line":111,"column":47},"end":{"line":111,"column":55}},"54":{"start":{"line":113,"column":8},"end":{"line":115,"column":9}},"55":{"start":{"line":114,"column":12},"end":{"line":114,"column":101}},"56":{"start":{"line":117,"column":24},"end":{"line":117,"column":98}},"57":{"start":{"line":118,"column":8},"end":{"line":120,"column":9}},"58":{"start":{"line":119,"column":12},"end":{"line":119,"column":79}},"59":{"start":{"line":122,"column":21},"end":{"line":122,"column":29}},"60":{"start":{"line":123,"column":24},"end":{"line":123,"column":73}},"61":{"start":{"line":124,"column":8},"end":{"line":126,"column":9}},"62":{"start":{"line":125,"column":12},"end":{"line":125,"column":77}},"63":{"start":{"line":128,"column":31},"end":{"line":128,"column":66}},"64":{"start":{"line":129,"column":8},"end":{"line":129,"column":102}},"65":{"start":{"line":131,"column":8},"end":{"line":131,"column":71}},"66":{"start":{"line":133,"column":8},"end":{"line":133,"column":55}},"67":{"start":{"line":134,"column":8},"end":{"line":134,"column":70}},"68":{"start":{"line":138,"column":0},"end":{"line":138,"column":97}}},"fnMap":{"0":{"name":"(anonymous_0)","decl":{"start":{"line":5,"column":21},"end":{"line":5,"column":22}},"loc":{"start":{"line":5,"column":41},"end":{"line":23,"column":1}},"line":5},"1":{"name":"(anonymous_1)","decl":{"start":{"line":25,"column":24},"end":{"line":25,"column":25}},"loc":{"start":{"line":25,"column":44},"end":{"line":64,"column":1}},"line":25},"2":{"name":"(anonymous_2)","decl":{"start":{"line":66,"column":20},"end":{"line":66,"column":21}},"loc":{"start":{"line":66,"column":40},"end":{"line":88,"column":1}},"line":66},"3":{"name":"(anonymous_3)","decl":{"start":{"line":90,"column":26},"end":{"line":90,"column":27}},"loc":{"start":{"line":90,"column":46},"end":{"line":106,"column":1}},"line":90},"4":{"name":"(anonymous_4)","decl":{"start":{"line":108,"column":23},"end":{"line":108,"column":24}},"loc":{"start":{"line":108,"column":43},"end":{"line":136,"column":1}},"line":108}},"branchMap":{"0":{"loc":{"start":{"line":29,"column":8},"end":{"line":31,"column":9}},"type":"if","locations":[{"start":{"line":29,"column":8},"end":{"line":31,"column":9}},{"start":{},"end":{}}],"line":29},"1":{"loc":{"start":{"line":29,"column":12},"end":{"line":29,"column":31}},"type":"binary-expr","locations":[{"start":{"line":29,"column":12},"end":{"line":29,"column":18}},{"start":{"line":29,"column":22},"end":{"line":29,"column":31}}],"line":29},"2":{"loc":{"start":{"line":36,"column":8},"end":{"line":40,"column":9}},"type":"if","locations":[{"start":{"line":36,"column":8},"end":{"line":40,"column":9}},{"start":{},"end":{}}],"line":36},"3":{"loc":{"start":{"line":71,"column":8},"end":{"line":73,"column":9}},"type":"if","locations":[{"start":{"line":71,"column":8},"end":{"line":73,"column":9}},{"start":{},"end":{}}],"line":71},"4":{"loc":{"start":{"line":71,"column":12},"end":{"line":71,"column":32}},"type":"binary-expr","locations":[{"start":{"line":71,"column":12},"end":{"line":71,"column":21}},{"start":{"line":71,"column":25},"end":{"line":71,"column":32}}],"line":71},"5":{"loc":{"start":{"line":78,"column":8},"end":{"line":80,"column":9}},"type":"if","locations":[{"start":{"line":78,"column":8},"end":{"line":80,"column":9}},{"start":{},"end":{}}],"line":78},"6":{"loc":{"start":{"line":96,"column":8},"end":{"line":98,"column":9}},"type":"if","locations":[{"start":{"line":96,"column":8},"end":{"line":98,"column":9}},{"start":{},"end":{}}],"line":96},"7":{"loc":{"start":{"line":113,"column":8},"end":{"line":115,"column":9}},"type":"if","locations":[{"start":{"line":113,"column":8},"end":{"line":115,"column":9}},{"start":{},"end":{}}],"line":113},"8":{"loc":{"start":{"line":113,"column":12},"end":{"line":113,"column":42}},"type":"binary-expr","locations":[{"start":{"line":113,"column":12},"end":{"line":113,"column":25}},{"start":{"line":113,"column":29},"end":{"line":113,"column":42}}],"line":113},"9":{"loc":{"start":{"line":118,"column":8},"end":{"line":120,"column":9}},"type":"if","locations":[{"start":{"line":118,"column":8},"end":{"line":120,"column":9}},{"start":{},"end":{}}],"line":118},"10":{"loc":{"start":{"line":124,"column":8},"end":{"line":126,"column":9}},"type":"if","locations":[{"start":{"line":124,"column":8},"end":{"line":126,"column":9}},{"start":{},"end":{}}],"line":124}},"s":{"0":1,"1":1,"2":1,"3":1,"4":1,"5":1,"6":1,"7":1,"8":0,"9":0,"10":1,"11":3,"12":3,"13":3,"14":1,"15":2,"16":2,"17":2,"18":1,"19":1,"20":1,"21":1,"22":1,"23":1,"24":1,"25":0,"26":0,"27":1,"28":3,"29":3,"30":3,"31":3,"32":1,"33":2,"34":2,"35":2,"36":1,"37":1,"38":0,"39":0,"40":1,"41":2,"42":2,"43":2,"44":2,"45":2,"46":1,"47":1,"48":0,"49":0,"50":1,"51":4,"52":4,"53":4,"54":4,"55":1,"56":3,"57":3,"58":1,"59":2,"60":2,"61":2,"62":1,"63":1,"64":1,"65":1,"66":0,"67":0,"68":1},"f":{"0":1,"1":3,"2":3,"3":2,"4":4},"b":{"0":[1,2],"1":[3,3],"2":[1,1],"3":[1,2],"4":[3,3],"5":[1,1],"6":[1,1],"7":[1,3],"8":[4,4],"9":[1,2],"10":[1,1]},"_coverageSchema":"1a1c01bbd47fc00a2c39e90264f33305004495a9","hash":"cf3ffc752d24fc53c53dccf0e67823cbe5241c94"}
,"D:\\1. KULIAH\\semester 6\\ppl 1\\projek\\PPL1-HilangArah-2026\\backend\\controllers\\adminReportController.js": {"path":"D:\\1. KULIAH\\semester 6\\ppl 1\\projek\\PPL1-HilangArah-2026\\backend\\controllers\\adminReportController.js","statementMap":{"0":{"start":{"line":1,"column":13},"end":{"line":1,"column":29}},"1":{"start":{"line":2,"column":19},"end":{"line":2,"column":50}},"2":{"start":{"line":4,"column":22},"end":{"line":30,"column":1}},"3":{"start":{"line":5,"column":4},"end":{"line":29,"column":5}},"4":{"start":{"line":7,"column":12},"end":{"line":19,"column":39}},"5":{"start":{"line":20,"column":26},"end":{"line":20,"column":51}},"6":{"start":{"line":22,"column":12},"end":{"line":25,"column":11}},"7":{"start":{"line":28,"column":8},"end":{"line":28,"column":94}},"8":{"start":{"line":32,"column":27},"end":{"line":67,"column":1}},"9":{"start":{"line":33,"column":32},"end":{"line":33,"column":40}},"10":{"start":{"line":34,"column":21},"end":{"line":34,"column":37}},"11":{"start":{"line":36,"column":4},"end":{"line":38,"column":5}},"12":{"start":{"line":37,"column":8},"end":{"line":37,"column":85}},"13":{"start":{"line":40,"column":24},"end":{"line":40,"column":60}},"14":{"start":{"line":41,"column":4},"end":{"line":45,"column":5}},"15":{"start":{"line":42,"column":8},"end":{"line":44,"column":11}},"16":{"start":{"line":47,"column":4},"end":{"line":66,"column":5}},"17":{"start":{"line":48,"column":20},"end":{"line":48,"column":71}},"18":{"start":{"line":49,"column":21},"end":{"line":49,"column":40}},"19":{"start":{"line":51,"column":8},"end":{"line":54,"column":9}},"20":{"start":{"line":52,"column":12},"end":{"line":52,"column":89}},"21":{"start":{"line":53,"column":12},"end":{"line":53,"column":51}},"22":{"start":{"line":56,"column":25},"end":{"line":56,"column":58}},"23":{"start":{"line":58,"column":8},"end":{"line":60,"column":9}},"24":{"start":{"line":59,"column":12},"end":{"line":59,"column":79}},"25":{"start":{"line":62,"column":8},"end":{"line":62,"column":79}},"26":{"start":{"line":65,"column":8},"end":{"line":65,"column":90}},"27":{"start":{"line":69,"column":21},"end":{"line":85,"column":1}},"28":{"start":{"line":70,"column":4},"end":{"line":84,"column":5}},"29":{"start":{"line":71,"column":21},"end":{"line":71,"column":31}},"30":{"start":{"line":73,"column":22},"end":{"line":73,"column":63}},"31":{"start":{"line":74,"column":25},"end":{"line":74,"column":54}},"32":{"start":{"line":76,"column":8},"end":{"line":78,"column":9}},"33":{"start":{"line":77,"column":12},"end":{"line":77,"column":98}},"34":{"start":{"line":79,"column":8},"end":{"line":79,"column":85}},"35":{"start":{"line":82,"column":8},"end":{"line":82,"column":54}},"36":{"start":{"line":83,"column":8},"end":{"line":83,"column":82}},"37":{"start":{"line":87,"column":0},"end":{"line":91,"column":2}}},"fnMap":{"0":{"name":"(anonymous_0)","decl":{"start":{"line":4,"column":22},"end":{"line":4,"column":23}},"loc":{"start":{"line":4,"column":42},"end":{"line":30,"column":1}},"line":4},"1":{"name":"(anonymous_1)","decl":{"start":{"line":32,"column":27},"end":{"line":32,"column":28}},"loc":{"start":{"line":32,"column":47},"end":{"line":67,"column":1}},"line":32},"2":{"name":"(anonymous_2)","decl":{"start":{"line":69,"column":21},"end":{"line":69,"column":22}},"loc":{"start":{"line":69,"column":41},"end":{"line":85,"column":1}},"line":69}},"branchMap":{"0":{"loc":{"start":{"line":36,"column":4},"end":{"line":38,"column":5}},"type":"if","locations":[{"start":{"line":36,"column":4},"end":{"line":38,"column":5}},{"start":{},"end":{}}],"line":36},"1":{"loc":{"start":{"line":36,"column":8},"end":{"line":36,"column":29}},"type":"binary-expr","locations":[{"start":{"line":36,"column":8},"end":{"line":36,"column":18}},{"start":{"line":36,"column":22},"end":{"line":36,"column":29}}],"line":36},"2":{"loc":{"start":{"line":41,"column":4},"end":{"line":45,"column":5}},"type":"if","locations":[{"start":{"line":41,"column":4},"end":{"line":45,"column":5}},{"start":{},"end":{}}],"line":41},"3":{"loc":{"start":{"line":51,"column":8},"end":{"line":54,"column":9}},"type":"if","locations":[{"start":{"line":51,"column":8},"end":{"line":54,"column":9}},{"start":{},"end":{}}],"line":51},"4":{"loc":{"start":{"line":58,"column":8},"end":{"line":60,"column":9}},"type":"if","locations":[{"start":{"line":58,"column":8},"end":{"line":60,"column":9}},{"start":{},"end":{}}],"line":58},"5":{"loc":{"start":{"line":76,"column":8},"end":{"line":78,"column":9}},"type":"if","locations":[{"start":{"line":76,"column":8},"end":{"line":78,"column":9}},{"start":{},"end":{}}],"line":76}},"s":{"0":1,"1":1,"2":1,"3":1,"4":1,"5":1,"6":1,"7":0,"8":1,"9":5,"10":5,"11":5,"12":1,"13":4,"14":4,"15":1,"16":3,"17":3,"18":3,"19":3,"20":1,"21":1,"22":3,"23":3,"24":1,"25":2,"26":0,"27":1,"28":2,"29":2,"30":2,"31":2,"32":2,"33":1,"34":1,"35":0,"36":0,"37":1},"f":{"0":1,"1":5,"2":2},"b":{"0":[1,4],"1":[5,5],"2":[1,3],"3":[1,2],"4":[1,2],"5":[1,1]},"_coverageSchema":"1a1c01bbd47fc00a2c39e90264f33305004495a9","hash":"790652743a9cdfa7eb1b62b589c4b6d51bac9a98"}
,"D:\\1. KULIAH\\semester 6\\ppl 1\\projek\\PPL1-HilangArah-2026\\backend\\controllers\\adminSubController.js": {"path":"D:\\1. KULIAH\\semester 6\\ppl 1\\projek\\PPL1-HilangArah-2026\\backend\\controllers\\adminSubController.js","statementMap":{"0":{"start":{"line":1,"column":13},"end":{"line":1,"column":29}},"1":{"start":{"line":2,"column":32},"end":{"line":2,"column":62}},"2":{"start":{"line":4,"column":28},"end":{"line":47,"column":1}},"3":{"start":{"line":5,"column":4},"end":{"line":46,"column":5}},"4":{"start":{"line":6,"column":8},"end":{"line":6,"column":40}},"5":{"start":{"line":8,"column":35},"end":{"line":8,"column":44}},"6":{"start":{"line":10,"column":20},"end":{"line":20,"column":9}},"7":{"start":{"line":21,"column":28},"end":{"line":21,"column":30}},"8":{"start":{"line":23,"column":8},"end":{"line":26,"column":9}},"9":{"start":{"line":24,"column":12},"end":{"line":24,"column":41}},"10":{"start":{"line":25,"column":12},"end":{"line":25,"column":37}},"11":{"start":{"line":28,"column":8},"end":{"line":31,"column":9}},"12":{"start":{"line":29,"column":12},"end":{"line":29,"column":47}},"13":{"start":{"line":30,"column":12},"end":{"line":30,"column":44}},"14":{"start":{"line":33,"column":8},"end":{"line":33,"column":61}},"15":{"start":{"line":35,"column":23},"end":{"line":35,"column":59}},"16":{"start":{"line":37,"column":8},"end":{"line":41,"column":11}},"17":{"start":{"line":44,"column":8},"end":{"line":44,"column":52}},"18":{"start":{"line":45,"column":8},"end":{"line":45,"column":91}},"19":{"start":{"line":49,"column":30},"end":{"line":81,"column":1}},"20":{"start":{"line":50,"column":4},"end":{"line":80,"column":5}},"21":{"start":{"line":51,"column":28},"end":{"line":51,"column":38}},"22":{"start":{"line":53,"column":22},"end":{"line":64,"column":9}},"23":{"start":{"line":66,"column":23},"end":{"line":66,"column":57}},"24":{"start":{"line":68,"column":8},"end":{"line":70,"column":9}},"25":{"start":{"line":69,"column":12},"end":{"line":69,"column":88}},"26":{"start":{"line":72,"column":8},"end":{"line":75,"column":11}},"27":{"start":{"line":78,"column":8},"end":{"line":78,"column":54}},"28":{"start":{"line":79,"column":8},"end":{"line":79,"column":71}},"29":{"start":{"line":83,"column":34},"end":{"line":111,"column":1}},"30":{"start":{"line":84,"column":4},"end":{"line":110,"column":5}},"31":{"start":{"line":85,"column":28},"end":{"line":85,"column":38}},"32":{"start":{"line":86,"column":32},"end":{"line":86,"column":40}},"33":{"start":{"line":88,"column":8},"end":{"line":90,"column":9}},"34":{"start":{"line":89,"column":12},"end":{"line":89,"column":94}},"35":{"start":{"line":92,"column":27},"end":{"line":92,"column":99}},"36":{"start":{"line":93,"column":8},"end":{"line":95,"column":9}},"37":{"start":{"line":94,"column":12},"end":{"line":94,"column":88}},"38":{"start":{"line":96,"column":8},"end":{"line":98,"column":9}},"39":{"start":{"line":97,"column":12},"end":{"line":97,"column":135}},"40":{"start":{"line":100,"column":28},"end":{"line":100,"column":79}},"41":{"start":{"line":101,"column":8},"end":{"line":101,"column":62}},"42":{"start":{"line":103,"column":8},"end":{"line":103,"column":100}},"43":{"start":{"line":105,"column":8},"end":{"line":105,"column":93}},"44":{"start":{"line":108,"column":8},"end":{"line":108,"column":52}},"45":{"start":{"line":109,"column":8},"end":{"line":109,"column":95}},"46":{"start":{"line":113,"column":33},"end":{"line":160,"column":1}},"47":{"start":{"line":114,"column":4},"end":{"line":159,"column":5}},"48":{"start":{"line":115,"column":28},"end":{"line":115,"column":38}},"49":{"start":{"line":116,"column":27},"end":{"line":116,"column":35}},"50":{"start":{"line":118,"column":30},"end":{"line":118,"column":75}},"51":{"start":{"line":119,"column":8},"end":{"line":121,"column":9}},"52":{"start":{"line":120,"column":12},"end":{"line":120,"column":76}},"53":{"start":{"line":123,"column":29},"end":{"line":123,"column":106}},"54":{"start":{"line":124,"column":28},"end":{"line":124,"column":84}},"55":{"start":{"line":126,"column":20},"end":{"line":126,"column":48}},"56":{"start":{"line":127,"column":21},"end":{"line":127,"column":29}},"57":{"start":{"line":129,"column":8},"end":{"line":139,"column":9}},"58":{"start":{"line":130,"column":30},"end":{"line":130,"column":40}},"59":{"start":{"line":131,"column":28},"end":{"line":131,"column":38}},"60":{"start":{"line":132,"column":12},"end":{"line":132,"column":52}},"61":{"start":{"line":134,"column":29},"end":{"line":134,"column":66}},"62":{"start":{"line":135,"column":27},"end":{"line":135,"column":62}},"63":{"start":{"line":137,"column":12},"end":{"line":137,"column":54}},"64":{"start":{"line":138,"column":12},"end":{"line":138,"column":42}},"65":{"start":{"line":141,"column":8},"end":{"line":141,"column":38}},"66":{"start":{"line":142,"column":8},"end":{"line":142,"column":29}},"67":{"start":{"line":144,"column":25},"end":{"line":144,"column":56}},"68":{"start":{"line":146,"column":8},"end":{"line":148,"column":9}},"69":{"start":{"line":147,"column":12},"end":{"line":147,"column":88}},"70":{"start":{"line":150,"column":8},"end":{"line":152,"column":9}},"71":{"start":{"line":151,"column":12},"end":{"line":151,"column":104}},"72":{"start":{"line":154,"column":8},"end":{"line":154,"column":98}},"73":{"start":{"line":157,"column":8},"end":{"line":157,"column":57}},"74":{"start":{"line":158,"column":8},"end":{"line":158,"column":92}},"75":{"start":{"line":162,"column":27},"end":{"line":178,"column":1}},"76":{"start":{"line":163,"column":4},"end":{"line":177,"column":5}},"77":{"start":{"line":164,"column":28},"end":{"line":164,"column":38}},"78":{"start":{"line":166,"column":25},"end":{"line":166,"column":90}},"79":{"start":{"line":168,"column":8},"end":{"line":170,"column":9}},"80":{"start":{"line":169,"column":12},"end":{"line":169,"column":88}},"81":{"start":{"line":172,"column":8},"end":{"line":172,"column":78}},"82":{"start":{"line":175,"column":8},"end":{"line":175,"column":50}},"83":{"start":{"line":176,"column":8},"end":{"line":176,"column":91}},"84":{"start":{"line":180,"column":0},"end":{"line":186,"column":2}}},"fnMap":{"0":{"name":"(anonymous_0)","decl":{"start":{"line":4,"column":28},"end":{"line":4,"column":29}},"loc":{"start":{"line":4,"column":48},"end":{"line":47,"column":1}},"line":4},"1":{"name":"(anonymous_1)","decl":{"start":{"line":49,"column":30},"end":{"line":49,"column":31}},"loc":{"start":{"line":49,"column":50},"end":{"line":81,"column":1}},"line":49},"2":{"name":"(anonymous_2)","decl":{"start":{"line":83,"column":34},"end":{"line":83,"column":35}},"loc":{"start":{"line":83,"column":54},"end":{"line":111,"column":1}},"line":83},"3":{"name":"(anonymous_3)","decl":{"start":{"line":113,"column":33},"end":{"line":113,"column":34}},"loc":{"start":{"line":113,"column":53},"end":{"line":160,"column":1}},"line":113},"4":{"name":"(anonymous_4)","decl":{"start":{"line":162,"column":27},"end":{"line":162,"column":28}},"loc":{"start":{"line":162,"column":47},"end":{"line":178,"column":1}},"line":162}},"branchMap":{"0":{"loc":{"start":{"line":23,"column":8},"end":{"line":26,"column":9}},"type":"if","locations":[{"start":{"line":23,"column":8},"end":{"line":26,"column":9}},{"start":{},"end":{}}],"line":23},"1":{"loc":{"start":{"line":28,"column":8},"end":{"line":31,"column":9}},"type":"if","locations":[{"start":{"line":28,"column":8},"end":{"line":31,"column":9}},{"start":{},"end":{}}],"line":28},"2":{"loc":{"start":{"line":68,"column":8},"end":{"line":70,"column":9}},"type":"if","locations":[{"start":{"line":68,"column":8},"end":{"line":70,"column":9}},{"start":{},"end":{}}],"line":68},"3":{"loc":{"start":{"line":88,"column":8},"end":{"line":90,"column":9}},"type":"if","locations":[{"start":{"line":88,"column":8},"end":{"line":90,"column":9}},{"start":{},"end":{}}],"line":88},"4":{"loc":{"start":{"line":93,"column":8},"end":{"line":95,"column":9}},"type":"if","locations":[{"start":{"line":93,"column":8},"end":{"line":95,"column":9}},{"start":{},"end":{}}],"line":93},"5":{"loc":{"start":{"line":96,"column":8},"end":{"line":98,"column":9}},"type":"if","locations":[{"start":{"line":96,"column":8},"end":{"line":98,"column":9}},{"start":{},"end":{}}],"line":96},"6":{"loc":{"start":{"line":119,"column":8},"end":{"line":121,"column":9}},"type":"if","locations":[{"start":{"line":119,"column":8},"end":{"line":121,"column":9}},{"start":{},"end":{}}],"line":119},"7":{"loc":{"start":{"line":124,"column":28},"end":{"line":124,"column":84}},"type":"cond-expr","locations":[{"start":{"line":124,"column":52},"end":{"line":124,"column":77}},{"start":{"line":124,"column":80},"end":{"line":124,"column":84}}],"line":124},"8":{"loc":{"start":{"line":129,"column":8},"end":{"line":139,"column":9}},"type":"if","locations":[{"start":{"line":129,"column":8},"end":{"line":139,"column":9}},{"start":{},"end":{}}],"line":129},"9":{"loc":{"start":{"line":146,"column":8},"end":{"line":148,"column":9}},"type":"if","locations":[{"start":{"line":146,"column":8},"end":{"line":148,"column":9}},{"start":{},"end":{}}],"line":146},"10":{"loc":{"start":{"line":150,"column":8},"end":{"line":152,"column":9}},"type":"if","locations":[{"start":{"line":150,"column":8},"end":{"line":152,"column":9}},{"start":{},"end":{}}],"line":150},"11":{"loc":{"start":{"line":150,"column":12},"end":{"line":150,"column":75}},"type":"binary-expr","locations":[{"start":{"line":150,"column":13},"end":{"line":150,"column":33}},{"start":{"line":150,"column":37},"end":{"line":150,"column":59}},{"start":{"line":150,"column":64},"end":{"line":150,"column":75}}],"line":150},"12":{"loc":{"start":{"line":168,"column":8},"end":{"line":170,"column":9}},"type":"if","locations":[{"start":{"line":168,"column":8},"end":{"line":170,"column":9}},{"start":{},"end":{}}],"line":168}},"s":{"0":1,"1":1,"2":1,"3":2,"4":2,"5":2,"6":2,"7":2,"8":2,"9":1,"10":1,"11":2,"12":1,"13":1,"14":2,"15":2,"16":2,"17":0,"18":0,"19":1,"20":2,"21":2,"22":2,"23":2,"24":2,"25":1,"26":1,"27":0,"28":0,"29":1,"30":4,"31":4,"32":4,"33":4,"34":1,"35":3,"36":3,"37":1,"38":2,"39":1,"40":1,"41":1,"42":1,"43":1,"44":0,"45":0,"46":1,"47":5,"48":5,"49":5,"50":5,"51":5,"52":1,"53":4,"54":4,"55":4,"56":4,"57":4,"58":1,"59":1,"60":1,"61":1,"62":1,"63":1,"64":1,"65":4,"66":4,"67":4,"68":4,"69":1,"70":3,"71":1,"72":3,"73":0,"74":0,"75":1,"76":2,"77":2,"78":2,"79":2,"80":1,"81":1,"82":0,"83":0,"84":1},"f":{"0":2,"1":2,"2":4,"3":5,"4":2},"b":{"0":[1,1],"1":[1,1],"2":[1,1],"3":[1,3],"4":[1,2],"5":[1,1],"6":[1,4],"7":[3,1],"8":[1,3],"9":[1,3],"10":[1,2],"11":[3,1,2],"12":[1,1]},"_coverageSchema":"1a1c01bbd47fc00a2c39e90264f33305004495a9","hash":"59ab145ed4608fd271719b2cb59954df84a4b1c7"}
,"D:\\1. KULIAH\\semester 6\\ppl 1\\projek\\PPL1-HilangArah-2026\\backend\\controllers\\adminTransportController.js": {"path":"D:\\1. KULIAH\\semester 6\\ppl 1\\projek\\PPL1-HilangArah-2026\\backend\\controllers\\adminTransportController.js","statementMap":{"0":{"start":{"line":1,"column":13},"end":{"line":1,"column":29}},"1":{"start":{"line":3,"column":25},"end":{"line":21,"column":1}},"2":{"start":{"line":4,"column":18},"end":{"line":4,"column":111}},"3":{"start":{"line":5,"column":19},"end":{"line":5,"column":70}},"4":{"start":{"line":7,"column":4},"end":{"line":9,"column":5}},"5":{"start":{"line":8,"column":8},"end":{"line":8,"column":30}},"6":{"start":{"line":11,"column":19},"end":{"line":11,"column":43}},"7":{"start":{"line":12,"column":19},"end":{"line":12,"column":50}},"8":{"start":{"line":13,"column":16},"end":{"line":13,"column":36}},"9":{"start":{"line":15,"column":4},"end":{"line":17,"column":5}},"10":{"start":{"line":16,"column":8},"end":{"line":16,"column":30}},"11":{"start":{"line":19,"column":22},"end":{"line":19,"column":59}},"12":{"start":{"line":20,"column":4},"end":{"line":20,"column":35}},"13":{"start":{"line":23,"column":25},"end":{"line":49,"column":1}},"14":{"start":{"line":24,"column":4},"end":{"line":48,"column":5}},"15":{"start":{"line":25,"column":25},"end":{"line":25,"column":34}},"16":{"start":{"line":26,"column":29},"end":{"line":26,"column":86}},"17":{"start":{"line":27,"column":30},"end":{"line":27,"column":60}},"18":{"start":{"line":29,"column":24},"end":{"line":29,"column":63}},"19":{"start":{"line":30,"column":26},"end":{"line":30,"column":28}},"20":{"start":{"line":32,"column":8},"end":{"line":35,"column":9}},"21":{"start":{"line":33,"column":12},"end":{"line":33,"column":79}},"22":{"start":{"line":34,"column":12},"end":{"line":34,"column":35}},"23":{"start":{"line":37,"column":29},"end":{"line":37,"column":69}},"24":{"start":{"line":39,"column":8},"end":{"line":43,"column":11}},"25":{"start":{"line":46,"column":8},"end":{"line":46,"column":54}},"26":{"start":{"line":47,"column":8},"end":{"line":47,"column":80}},"27":{"start":{"line":52,"column":24},"end":{"line":74,"column":1}},"28":{"start":{"line":53,"column":4},"end":{"line":73,"column":5}},"29":{"start":{"line":54,"column":112},"end":{"line":54,"column":120}},"30":{"start":{"line":55,"column":25},"end":{"line":55,"column":81}},"31":{"start":{"line":57,"column":22},"end":{"line":59,"column":44}},"32":{"start":{"line":61,"column":8},"end":{"line":66,"column":11}},"33":{"start":{"line":68,"column":8},"end":{"line":68,"column":84}},"34":{"start":{"line":71,"column":8},"end":{"line":71,"column":57}},"35":{"start":{"line":72,"column":8},"end":{"line":72,"column":82}},"36":{"start":{"line":76,"column":24},"end":{"line":100,"column":1}},"37":{"start":{"line":77,"column":4},"end":{"line":99,"column":5}},"38":{"start":{"line":78,"column":23},"end":{"line":78,"column":33}},"39":{"start":{"line":79,"column":112},"end":{"line":79,"column":120}},"40":{"start":{"line":81,"column":22},"end":{"line":84,"column":31}},"41":{"start":{"line":86,"column":25},"end":{"line":88,"column":10}},"42":{"start":{"line":90,"column":8},"end":{"line":92,"column":9}},"43":{"start":{"line":91,"column":12},"end":{"line":91,"column":101}},"44":{"start":{"line":94,"column":8},"end":{"line":94,"column":80}},"45":{"start":{"line":97,"column":8},"end":{"line":97,"column":57}},"46":{"start":{"line":98,"column":8},"end":{"line":98,"column":83}},"47":{"start":{"line":102,"column":21},"end":{"line":148,"column":1}},"48":{"start":{"line":103,"column":4},"end":{"line":103,"column":59}},"49":{"start":{"line":104,"column":4},"end":{"line":147,"column":5}},"50":{"start":{"line":106,"column":12},"end":{"line":121,"column":38}},"51":{"start":{"line":123,"column":25},"end":{"line":123,"column":48}},"52":{"start":{"line":125,"column":24},"end":{"line":129,"column":9}},"53":{"start":{"line":130,"column":29},"end":{"line":130,"column":54}},"54":{"start":{"line":132,"column":32},"end":{"line":135,"column":11}},"55":{"start":{"line":132,"column":53},"end":{"line":135,"column":9}},"56":{"start":{"line":134,"column":49},"end":{"line":134,"column":79}},"57":{"start":{"line":137,"column":8},"end":{"line":141,"column":11}},"58":{"start":{"line":142,"column":8},"end":{"line":142,"column":89}},"59":{"start":{"line":145,"column":8},"end":{"line":145,"column":51}},"60":{"start":{"line":146,"column":8},"end":{"line":146,"column":72}},"61":{"start":{"line":150,"column":20},"end":{"line":193,"column":1}},"62":{"start":{"line":152,"column":4},"end":{"line":192,"column":5}},"63":{"start":{"line":153,"column":8},"end":{"line":153,"column":48}},"64":{"start":{"line":154,"column":8},"end":{"line":154,"column":44}},"65":{"start":{"line":155,"column":102},"end":{"line":155,"column":110}},"66":{"start":{"line":156,"column":25},"end":{"line":156,"column":88}},"67":{"start":{"line":158,"column":8},"end":{"line":160,"column":9}},"68":{"start":{"line":159,"column":12},"end":{"line":159,"column":111}},"69":{"start":{"line":162,"column":22},"end":{"line":164,"column":38}},"70":{"start":{"line":166,"column":30},"end":{"line":166,"column":54}},"71":{"start":{"line":168,"column":8},"end":{"line":172,"column":11}},"72":{"start":{"line":174,"column":8},"end":{"line":181,"column":9}},"73":{"start":{"line":175,"column":28},"end":{"line":175,"column":127}},"74":{"start":{"line":176,"column":29},"end":{"line":179,"column":14}},"75":{"start":{"line":176,"column":60},"end":{"line":179,"column":13}},"76":{"start":{"line":180,"column":12},"end":{"line":180,"column":56}},"77":{"start":{"line":183,"column":8},"end":{"line":183,"column":34}},"78":{"start":{"line":184,"column":8},"end":{"line":184,"column":87}},"79":{"start":{"line":187,"column":8},"end":{"line":187,"column":52}},"80":{"start":{"line":187,"column":24},"end":{"line":187,"column":52}},"81":{"start":{"line":188,"column":8},"end":{"line":188,"column":53}},"82":{"start":{"line":189,"column":8},"end":{"line":189,"column":74}},"83":{"start":{"line":191,"column":8},"end":{"line":191,"column":45}},"84":{"start":{"line":191,"column":24},"end":{"line":191,"column":45}},"85":{"start":{"line":195,"column":20},"end":{"line":240,"column":1}},"86":{"start":{"line":197,"column":4},"end":{"line":239,"column":5}},"87":{"start":{"line":198,"column":8},"end":{"line":198,"column":48}},"88":{"start":{"line":199,"column":8},"end":{"line":199,"column":44}},"89":{"start":{"line":200,"column":23},"end":{"line":200,"column":33}},"90":{"start":{"line":201,"column":102},"end":{"line":201,"column":110}},"91":{"start":{"line":203,"column":22},"end":{"line":206,"column":31}},"92":{"start":{"line":208,"column":30},"end":{"line":208,"column":54}},"93":{"start":{"line":210,"column":25},"end":{"line":212,"column":10}},"94":{"start":{"line":214,"column":8},"end":{"line":217,"column":9}},"95":{"start":{"line":215,"column":12},"end":{"line":215,"column":40}},"96":{"start":{"line":216,"column":12},"end":{"line":216,"column":83}},"97":{"start":{"line":219,"column":8},"end":{"line":219,"column":83}},"98":{"start":{"line":221,"column":8},"end":{"line":228,"column":9}},"99":{"start":{"line":222,"column":28},"end":{"line":222,"column":127}},"100":{"start":{"line":223,"column":29},"end":{"line":226,"column":14}},"101":{"start":{"line":223,"column":60},"end":{"line":226,"column":13}},"102":{"start":{"line":227,"column":12},"end":{"line":227,"column":56}},"103":{"start":{"line":230,"column":8},"end":{"line":230,"column":34}},"104":{"start":{"line":231,"column":8},"end":{"line":231,"column":74}},"105":{"start":{"line":234,"column":8},"end":{"line":234,"column":52}},"106":{"start":{"line":234,"column":24},"end":{"line":234,"column":52}},"107":{"start":{"line":235,"column":8},"end":{"line":235,"column":53}},"108":{"start":{"line":236,"column":8},"end":{"line":236,"column":73}},"109":{"start":{"line":238,"column":8},"end":{"line":238,"column":45}},"110":{"start":{"line":238,"column":24},"end":{"line":238,"column":45}},"111":{"start":{"line":242,"column":20},"end":{"line":267,"column":1}},"112":{"start":{"line":244,"column":4},"end":{"line":266,"column":5}},"113":{"start":{"line":245,"column":8},"end":{"line":245,"column":48}},"114":{"start":{"line":246,"column":8},"end":{"line":246,"column":44}},"115":{"start":{"line":247,"column":23},"end":{"line":247,"column":33}},"116":{"start":{"line":249,"column":8},"end":{"line":249,"column":83}},"117":{"start":{"line":251,"column":25},"end":{"line":251,"column":94}},"118":{"start":{"line":253,"column":8},"end":{"line":256,"column":9}},"119":{"start":{"line":254,"column":12},"end":{"line":254,"column":40}},"120":{"start":{"line":255,"column":12},"end":{"line":255,"column":83}},"121":{"start":{"line":258,"column":8},"end":{"line":258,"column":34}},"122":{"start":{"line":259,"column":8},"end":{"line":259,"column":73}},"123":{"start":{"line":261,"column":8},"end":{"line":261,"column":52}},"124":{"start":{"line":261,"column":24},"end":{"line":261,"column":52}},"125":{"start":{"line":262,"column":8},"end":{"line":262,"column":53}},"126":{"start":{"line":263,"column":8},"end":{"line":263,"column":72}},"127":{"start":{"line":265,"column":8},"end":{"line":265,"column":45}},"128":{"start":{"line":265,"column":24},"end":{"line":265,"column":45}},"129":{"start":{"line":269,"column":20},"end":{"line":306,"column":1}},"130":{"start":{"line":270,"column":4},"end":{"line":305,"column":5}},"131":{"start":{"line":271,"column":29},"end":{"line":271,"column":38}},"132":{"start":{"line":273,"column":29},"end":{"line":278,"column":23}},"133":{"start":{"line":279,"column":32},"end":{"line":279,"column":62}},"134":{"start":{"line":281,"column":24},"end":{"line":281,"column":63}},"135":{"start":{"line":282,"column":26},"end":{"line":282,"column":28}},"136":{"start":{"line":284,"column":8},"end":{"line":288,"column":9}},"137":{"start":{"line":285,"column":12},"end":{"line":285,"column":83}},"138":{"start":{"line":286,"column":15},"end":{"line":288,"column":9}},"139":{"start":{"line":287,"column":12},"end":{"line":287,"column":87}},"140":{"start":{"line":290,"column":24},"end":{"line":290,"column":64}},"141":{"start":{"line":292,"column":8},"end":{"line":300,"column":11}},"142":{"start":{"line":303,"column":8},"end":{"line":303,"column":50}},"143":{"start":{"line":304,"column":8},"end":{"line":304,"column":73}},"144":{"start":{"line":308,"column":19},"end":{"line":329,"column":1}},"145":{"start":{"line":309,"column":4},"end":{"line":328,"column":5}},"146":{"start":{"line":310,"column":90},"end":{"line":310,"column":98}},"147":{"start":{"line":311,"column":24},"end":{"line":311,"column":80}},"148":{"start":{"line":313,"column":22},"end":{"line":315,"column":44}},"149":{"start":{"line":317,"column":8},"end":{"line":321,"column":11}},"150":{"start":{"line":323,"column":8},"end":{"line":323,"column":78}},"151":{"start":{"line":326,"column":8},"end":{"line":326,"column":52}},"152":{"start":{"line":327,"column":8},"end":{"line":327,"column":75}},"153":{"start":{"line":331,"column":19},"end":{"line":357,"column":1}},"154":{"start":{"line":332,"column":4},"end":{"line":356,"column":5}},"155":{"start":{"line":333,"column":23},"end":{"line":333,"column":33}},"156":{"start":{"line":334,"column":90},"end":{"line":334,"column":98}},"157":{"start":{"line":336,"column":22},"end":{"line":339,"column":30}},"158":{"start":{"line":341,"column":25},"end":{"line":345,"column":10}},"159":{"start":{"line":347,"column":8},"end":{"line":349,"column":9}},"160":{"start":{"line":348,"column":12},"end":{"line":348,"column":84}},"161":{"start":{"line":351,"column":8},"end":{"line":351,"column":75}},"162":{"start":{"line":354,"column":8},"end":{"line":354,"column":52}},"163":{"start":{"line":355,"column":8},"end":{"line":355,"column":74}},"164":{"start":{"line":359,"column":24},"end":{"line":372,"column":1}},"165":{"start":{"line":360,"column":4},"end":{"line":371,"column":5}},"166":{"start":{"line":361,"column":23},"end":{"line":361,"column":33}},"167":{"start":{"line":362,"column":25},"end":{"line":362,"column":87}},"168":{"start":{"line":364,"column":8},"end":{"line":366,"column":9}},"169":{"start":{"line":365,"column":12},"end":{"line":365,"column":91}},"170":{"start":{"line":367,"column":8},"end":{"line":367,"column":81}},"171":{"start":{"line":369,"column":8},"end":{"line":369,"column":57}},"172":{"start":{"line":370,"column":8},"end":{"line":370,"column":80}},"173":{"start":{"line":374,"column":19},"end":{"line":387,"column":1}},"174":{"start":{"line":375,"column":4},"end":{"line":386,"column":5}},"175":{"start":{"line":376,"column":23},"end":{"line":376,"column":33}},"176":{"start":{"line":377,"column":25},"end":{"line":377,"column":86}},"177":{"start":{"line":379,"column":8},"end":{"line":381,"column":9}},"178":{"start":{"line":380,"column":12},"end":{"line":380,"column":84}},"179":{"start":{"line":382,"column":8},"end":{"line":382,"column":74}},"180":{"start":{"line":384,"column":8},"end":{"line":384,"column":52}},"181":{"start":{"line":385,"column":8},"end":{"line":385,"column":73}},"182":{"start":{"line":389,"column":25},"end":{"line":418,"column":1}},"183":{"start":{"line":390,"column":4},"end":{"line":417,"column":5}},"184":{"start":{"line":391,"column":22},"end":{"line":404,"column":57}},"185":{"start":{"line":406,"column":29},"end":{"line":406,"column":52}},"186":{"start":{"line":408,"column":8},"end":{"line":412,"column":11}},"187":{"start":{"line":415,"column":8},"end":{"line":415,"column":56}},"188":{"start":{"line":416,"column":8},"end":{"line":416,"column":77}},"189":{"start":{"line":420,"column":24},"end":{"line":442,"column":1}},"190":{"start":{"line":421,"column":4},"end":{"line":441,"column":5}},"191":{"start":{"line":422,"column":68},"end":{"line":422,"column":76}},"192":{"start":{"line":424,"column":8},"end":{"line":426,"column":9}},"193":{"start":{"line":425,"column":12},"end":{"line":425,"column":97}},"194":{"start":{"line":428,"column":22},"end":{"line":430,"column":38}},"195":{"start":{"line":432,"column":8},"end":{"line":434,"column":11}},"196":{"start":{"line":436,"column":8},"end":{"line":436,"column":82}},"197":{"start":{"line":439,"column":8},"end":{"line":439,"column":58}},"198":{"start":{"line":440,"column":8},"end":{"line":440,"column":79}},"199":{"start":{"line":444,"column":24},"end":{"line":468,"column":1}},"200":{"start":{"line":445,"column":4},"end":{"line":467,"column":5}},"201":{"start":{"line":446,"column":23},"end":{"line":446,"column":33}},"202":{"start":{"line":447,"column":68},"end":{"line":447,"column":76}},"203":{"start":{"line":449,"column":22},"end":{"line":452,"column":36}},"204":{"start":{"line":454,"column":25},"end":{"line":456,"column":10}},"205":{"start":{"line":458,"column":8},"end":{"line":460,"column":9}},"206":{"start":{"line":459,"column":12},"end":{"line":459,"column":88}},"207":{"start":{"line":462,"column":8},"end":{"line":462,"column":79}},"208":{"start":{"line":465,"column":8},"end":{"line":465,"column":58}},"209":{"start":{"line":466,"column":8},"end":{"line":466,"column":78}},"210":{"start":{"line":470,"column":24},"end":{"line":483,"column":1}},"211":{"start":{"line":471,"column":4},"end":{"line":482,"column":5}},"212":{"start":{"line":472,"column":23},"end":{"line":472,"column":33}},"213":{"start":{"line":473,"column":25},"end":{"line":473,"column":98}},"214":{"start":{"line":475,"column":8},"end":{"line":477,"column":9}},"215":{"start":{"line":476,"column":12},"end":{"line":476,"column":88}},"216":{"start":{"line":478,"column":8},"end":{"line":478,"column":78}},"217":{"start":{"line":480,"column":8},"end":{"line":480,"column":58}},"218":{"start":{"line":481,"column":8},"end":{"line":481,"column":77}},"219":{"start":{"line":485,"column":0},"end":{"line":502,"column":2}}},"fnMap":{"0":{"name":"(anonymous_0)","decl":{"start":{"line":3,"column":25},"end":{"line":3,"column":26}},"loc":{"start":{"line":3,"column":78},"end":{"line":21,"column":1}},"line":3},"1":{"name":"(anonymous_1)","decl":{"start":{"line":23,"column":25},"end":{"line":23,"column":26}},"loc":{"start":{"line":23,"column":45},"end":{"line":49,"column":1}},"line":23},"2":{"name":"(anonymous_2)","decl":{"start":{"line":52,"column":24},"end":{"line":52,"column":25}},"loc":{"start":{"line":52,"column":44},"end":{"line":74,"column":1}},"line":52},"3":{"name":"(anonymous_3)","decl":{"start":{"line":76,"column":24},"end":{"line":76,"column":25}},"loc":{"start":{"line":76,"column":44},"end":{"line":100,"column":1}},"line":76},"4":{"name":"(anonymous_4)","decl":{"start":{"line":102,"column":21},"end":{"line":102,"column":22}},"loc":{"start":{"line":102,"column":41},"end":{"line":148,"column":1}},"line":102},"5":{"name":"(anonymous_5)","decl":{"start":{"line":132,"column":43},"end":{"line":132,"column":44}},"loc":{"start":{"line":132,"column":53},"end":{"line":135,"column":9}},"line":132},"6":{"name":"(anonymous_6)","decl":{"start":{"line":134,"column":43},"end":{"line":134,"column":44}},"loc":{"start":{"line":134,"column":49},"end":{"line":134,"column":79}},"line":134},"7":{"name":"(anonymous_7)","decl":{"start":{"line":150,"column":20},"end":{"line":150,"column":21}},"loc":{"start":{"line":150,"column":40},"end":{"line":193,"column":1}},"line":150},"8":{"name":"(anonymous_8)","decl":{"start":{"line":176,"column":45},"end":{"line":176,"column":46}},"loc":{"start":{"line":176,"column":60},"end":{"line":179,"column":13}},"line":176},"9":{"name":"(anonymous_9)","decl":{"start":{"line":195,"column":20},"end":{"line":195,"column":21}},"loc":{"start":{"line":195,"column":40},"end":{"line":240,"column":1}},"line":195},"10":{"name":"(anonymous_10)","decl":{"start":{"line":223,"column":45},"end":{"line":223,"column":46}},"loc":{"start":{"line":223,"column":60},"end":{"line":226,"column":13}},"line":223},"11":{"name":"(anonymous_11)","decl":{"start":{"line":242,"column":20},"end":{"line":242,"column":21}},"loc":{"start":{"line":242,"column":40},"end":{"line":267,"column":1}},"line":242},"12":{"name":"(anonymous_12)","decl":{"start":{"line":269,"column":20},"end":{"line":269,"column":21}},"loc":{"start":{"line":269,"column":40},"end":{"line":306,"column":1}},"line":269},"13":{"name":"(anonymous_13)","decl":{"start":{"line":308,"column":19},"end":{"line":308,"column":20}},"loc":{"start":{"line":308,"column":39},"end":{"line":329,"column":1}},"line":308},"14":{"name":"(anonymous_14)","decl":{"start":{"line":331,"column":19},"end":{"line":331,"column":20}},"loc":{"start":{"line":331,"column":39},"end":{"line":357,"column":1}},"line":331},"15":{"name":"(anonymous_15)","decl":{"start":{"line":359,"column":24},"end":{"line":359,"column":25}},"loc":{"start":{"line":359,"column":44},"end":{"line":372,"column":1}},"line":359},"16":{"name":"(anonymous_16)","decl":{"start":{"line":374,"column":19},"end":{"line":374,"column":20}},"loc":{"start":{"line":374,"column":39},"end":{"line":387,"column":1}},"line":374},"17":{"name":"(anonymous_17)","decl":{"start":{"line":389,"column":25},"end":{"line":389,"column":26}},"loc":{"start":{"line":389,"column":45},"end":{"line":418,"column":1}},"line":389},"18":{"name":"(anonymous_18)","decl":{"start":{"line":420,"column":24},"end":{"line":420,"column":25}},"loc":{"start":{"line":420,"column":44},"end":{"line":442,"column":1}},"line":420},"19":{"name":"(anonymous_19)","decl":{"start":{"line":444,"column":24},"end":{"line":444,"column":25}},"loc":{"start":{"line":444,"column":44},"end":{"line":468,"column":1}},"line":444},"20":{"name":"(anonymous_20)","decl":{"start":{"line":470,"column":24},"end":{"line":470,"column":25}},"loc":{"start":{"line":470,"column":44},"end":{"line":483,"column":1}},"line":470}},"branchMap":{"0":{"loc":{"start":{"line":7,"column":4},"end":{"line":9,"column":5}},"type":"if","locations":[{"start":{"line":7,"column":4},"end":{"line":9,"column":5}},{"start":{},"end":{}}],"line":7},"1":{"loc":{"start":{"line":15,"column":4},"end":{"line":17,"column":5}},"type":"if","locations":[{"start":{"line":15,"column":4},"end":{"line":17,"column":5}},{"start":{},"end":{}}],"line":15},"2":{"loc":{"start":{"line":32,"column":8},"end":{"line":35,"column":9}},"type":"if","locations":[{"start":{"line":32,"column":8},"end":{"line":35,"column":9}},{"start":{},"end":{}}],"line":32},"3":{"loc":{"start":{"line":63,"column":12},"end":{"line":63,"column":29}},"type":"binary-expr","locations":[{"start":{"line":63,"column":12},"end":{"line":63,"column":24}},{"start":{"line":63,"column":28},"end":{"line":63,"column":29}}],"line":63},"4":{"loc":{"start":{"line":63,"column":31},"end":{"line":63,"column":55}},"type":"binary-expr","locations":[{"start":{"line":63,"column":31},"end":{"line":63,"column":50}},{"start":{"line":63,"column":54},"end":{"line":63,"column":55}}],"line":63},"5":{"loc":{"start":{"line":64,"column":12},"end":{"line":64,"column":34}},"type":"binary-expr","locations":[{"start":{"line":64,"column":12},"end":{"line":64,"column":29}},{"start":{"line":64,"column":33},"end":{"line":64,"column":34}}],"line":64},"6":{"loc":{"start":{"line":64,"column":36},"end":{"line":64,"column":55}},"type":"binary-expr","locations":[{"start":{"line":64,"column":36},"end":{"line":64,"column":50}},{"start":{"line":64,"column":54},"end":{"line":64,"column":55}}],"line":64},"7":{"loc":{"start":{"line":65,"column":12},"end":{"line":65,"column":51}},"type":"cond-expr","locations":[{"start":{"line":65,"column":38},"end":{"line":65,"column":47}},{"start":{"line":65,"column":50},"end":{"line":65,"column":51}}],"line":65},"8":{"loc":{"start":{"line":90,"column":8},"end":{"line":92,"column":9}},"type":"if","locations":[{"start":{"line":90,"column":8},"end":{"line":92,"column":9}},{"start":{},"end":{}}],"line":90},"9":{"loc":{"start":{"line":158,"column":8},"end":{"line":160,"column":9}},"type":"if","locations":[{"start":{"line":158,"column":8},"end":{"line":160,"column":9}},{"start":{},"end":{}}],"line":158},"10":{"loc":{"start":{"line":158,"column":12},"end":{"line":158,"column":79}},"type":"binary-expr","locations":[{"start":{"line":158,"column":12},"end":{"line":158,"column":23}},{"start":{"line":158,"column":27},"end":{"line":158,"column":42}},{"start":{"line":158,"column":46},"end":{"line":158,"column":66}},{"start":{"line":158,"column":70},"end":{"line":158,"column":79}}],"line":158},"11":{"loc":{"start":{"line":170,"column":12},"end":{"line":170,"column":51}},"type":"cond-expr","locations":[{"start":{"line":170,"column":38},"end":{"line":170,"column":47}},{"start":{"line":170,"column":50},"end":{"line":170,"column":51}}],"line":170},"12":{"loc":{"start":{"line":174,"column":8},"end":{"line":181,"column":9}},"type":"if","locations":[{"start":{"line":174,"column":8},"end":{"line":181,"column":9}},{"start":{},"end":{}}],"line":174},"13":{"loc":{"start":{"line":174,"column":12},"end":{"line":174,"column":79}},"type":"binary-expr","locations":[{"start":{"line":174,"column":12},"end":{"line":174,"column":23}},{"start":{"line":174,"column":27},"end":{"line":174,"column":53}},{"start":{"line":174,"column":57},"end":{"line":174,"column":79}}],"line":174},"14":{"loc":{"start":{"line":178,"column":45},"end":{"line":178,"column":73}},"type":"binary-expr","locations":[{"start":{"line":178,"column":45},"end":{"line":178,"column":58}},{"start":{"line":178,"column":63},"end":{"line":178,"column":72}}],"line":178},"15":{"loc":{"start":{"line":178,"column":75},"end":{"line":178,"column":102}},"type":"binary-expr","locations":[{"start":{"line":178,"column":75},"end":{"line":178,"column":94}},{"start":{"line":178,"column":98},"end":{"line":178,"column":102}}],"line":178},"16":{"loc":{"start":{"line":187,"column":8},"end":{"line":187,"column":52}},"type":"if","locations":[{"start":{"line":187,"column":8},"end":{"line":187,"column":52}},{"start":{},"end":{}}],"line":187},"17":{"loc":{"start":{"line":191,"column":8},"end":{"line":191,"column":45}},"type":"if","locations":[{"start":{"line":191,"column":8},"end":{"line":191,"column":45}},{"start":{},"end":{}}],"line":191},"18":{"loc":{"start":{"line":214,"column":8},"end":{"line":217,"column":9}},"type":"if","locations":[{"start":{"line":214,"column":8},"end":{"line":217,"column":9}},{"start":{},"end":{}}],"line":214},"19":{"loc":{"start":{"line":221,"column":8},"end":{"line":228,"column":9}},"type":"if","locations":[{"start":{"line":221,"column":8},"end":{"line":228,"column":9}},{"start":{},"end":{}}],"line":221},"20":{"loc":{"start":{"line":221,"column":12},"end":{"line":221,"column":79}},"type":"binary-expr","locations":[{"start":{"line":221,"column":12},"end":{"line":221,"column":23}},{"start":{"line":221,"column":27},"end":{"line":221,"column":53}},{"start":{"line":221,"column":57},"end":{"line":221,"column":79}}],"line":221},"21":{"loc":{"start":{"line":225,"column":39},"end":{"line":225,"column":67}},"type":"binary-expr","locations":[{"start":{"line":225,"column":39},"end":{"line":225,"column":52}},{"start":{"line":225,"column":57},"end":{"line":225,"column":66}}],"line":225},"22":{"loc":{"start":{"line":225,"column":69},"end":{"line":225,"column":96}},"type":"binary-expr","locations":[{"start":{"line":225,"column":69},"end":{"line":225,"column":88}},{"start":{"line":225,"column":92},"end":{"line":225,"column":96}}],"line":225},"23":{"loc":{"start":{"line":234,"column":8},"end":{"line":234,"column":52}},"type":"if","locations":[{"start":{"line":234,"column":8},"end":{"line":234,"column":52}},{"start":{},"end":{}}],"line":234},"24":{"loc":{"start":{"line":238,"column":8},"end":{"line":238,"column":45}},"type":"if","locations":[{"start":{"line":238,"column":8},"end":{"line":238,"column":45}},{"start":{},"end":{}}],"line":238},"25":{"loc":{"start":{"line":253,"column":8},"end":{"line":256,"column":9}},"type":"if","locations":[{"start":{"line":253,"column":8},"end":{"line":256,"column":9}},{"start":{},"end":{}}],"line":253},"26":{"loc":{"start":{"line":261,"column":8},"end":{"line":261,"column":52}},"type":"if","locations":[{"start":{"line":261,"column":8},"end":{"line":261,"column":52}},{"start":{},"end":{}}],"line":261},"27":{"loc":{"start":{"line":265,"column":8},"end":{"line":265,"column":45}},"type":"if","locations":[{"start":{"line":265,"column":8},"end":{"line":265,"column":45}},{"start":{},"end":{}}],"line":265},"28":{"loc":{"start":{"line":284,"column":8},"end":{"line":288,"column":9}},"type":"if","locations":[{"start":{"line":284,"column":8},"end":{"line":288,"column":9}},{"start":{"line":286,"column":15},"end":{"line":288,"column":9}}],"line":284},"29":{"loc":{"start":{"line":286,"column":15},"end":{"line":288,"column":9}},"type":"if","locations":[{"start":{"line":286,"column":15},"end":{"line":288,"column":9}},{"start":{},"end":{}}],"line":286},"30":{"loc":{"start":{"line":295,"column":32},"end":{"line":295,"column":60}},"type":"binary-expr","locations":[{"start":{"line":295,"column":32},"end":{"line":295,"column":55}},{"start":{"line":295,"column":59},"end":{"line":295,"column":60}}],"line":295},"31":{"loc":{"start":{"line":296,"column":36},"end":{"line":296,"column":68}},"type":"binary-expr","locations":[{"start":{"line":296,"column":36},"end":{"line":296,"column":63}},{"start":{"line":296,"column":67},"end":{"line":296,"column":68}}],"line":296},"32":{"loc":{"start":{"line":297,"column":40},"end":{"line":297,"column":76}},"type":"binary-expr","locations":[{"start":{"line":297,"column":40},"end":{"line":297,"column":71}},{"start":{"line":297,"column":75},"end":{"line":297,"column":76}}],"line":297},"33":{"loc":{"start":{"line":318,"column":27},"end":{"line":318,"column":42}},"type":"binary-expr","locations":[{"start":{"line":318,"column":27},"end":{"line":318,"column":34}},{"start":{"line":318,"column":38},"end":{"line":318,"column":42}}],"line":318},"34":{"loc":{"start":{"line":318,"column":44},"end":{"line":318,"column":60}},"type":"binary-expr","locations":[{"start":{"line":318,"column":44},"end":{"line":318,"column":52}},{"start":{"line":318,"column":56},"end":{"line":318,"column":60}}],"line":318},"35":{"loc":{"start":{"line":318,"column":62},"end":{"line":318,"column":79}},"type":"binary-expr","locations":[{"start":{"line":318,"column":62},"end":{"line":318,"column":71}},{"start":{"line":318,"column":75},"end":{"line":318,"column":79}}],"line":318},"36":{"loc":{"start":{"line":319,"column":12},"end":{"line":319,"column":25}},"type":"binary-expr","locations":[{"start":{"line":319,"column":12},"end":{"line":319,"column":20}},{"start":{"line":319,"column":24},"end":{"line":319,"column":25}}],"line":319},"37":{"loc":{"start":{"line":319,"column":27},"end":{"line":319,"column":44}},"type":"binary-expr","locations":[{"start":{"line":319,"column":27},"end":{"line":319,"column":39}},{"start":{"line":319,"column":43},"end":{"line":319,"column":44}}],"line":319},"38":{"loc":{"start":{"line":320,"column":12},"end":{"line":320,"column":51}},"type":"cond-expr","locations":[{"start":{"line":320,"column":38},"end":{"line":320,"column":47}},{"start":{"line":320,"column":50},"end":{"line":320,"column":51}}],"line":320},"39":{"loc":{"start":{"line":342,"column":18},"end":{"line":342,"column":33}},"type":"binary-expr","locations":[{"start":{"line":342,"column":18},"end":{"line":342,"column":25}},{"start":{"line":342,"column":29},"end":{"line":342,"column":33}}],"line":342},"40":{"loc":{"start":{"line":342,"column":35},"end":{"line":342,"column":51}},"type":"binary-expr","locations":[{"start":{"line":342,"column":35},"end":{"line":342,"column":43}},{"start":{"line":342,"column":47},"end":{"line":342,"column":51}}],"line":342},"41":{"loc":{"start":{"line":342,"column":53},"end":{"line":342,"column":70}},"type":"binary-expr","locations":[{"start":{"line":342,"column":53},"end":{"line":342,"column":62}},{"start":{"line":342,"column":66},"end":{"line":342,"column":70}}],"line":342},"42":{"loc":{"start":{"line":347,"column":8},"end":{"line":349,"column":9}},"type":"if","locations":[{"start":{"line":347,"column":8},"end":{"line":349,"column":9}},{"start":{},"end":{}}],"line":347},"43":{"loc":{"start":{"line":364,"column":8},"end":{"line":366,"column":9}},"type":"if","locations":[{"start":{"line":364,"column":8},"end":{"line":366,"column":9}},{"start":{},"end":{}}],"line":364},"44":{"loc":{"start":{"line":379,"column":8},"end":{"line":381,"column":9}},"type":"if","locations":[{"start":{"line":379,"column":8},"end":{"line":381,"column":9}},{"start":{},"end":{}}],"line":379},"45":{"loc":{"start":{"line":424,"column":8},"end":{"line":426,"column":9}},"type":"if","locations":[{"start":{"line":424,"column":8},"end":{"line":426,"column":9}},{"start":{},"end":{}}],"line":424},"46":{"loc":{"start":{"line":424,"column":12},"end":{"line":424,"column":61}},"type":"binary-expr","locations":[{"start":{"line":424,"column":12},"end":{"line":424,"column":21}},{"start":{"line":424,"column":25},"end":{"line":424,"column":33}},{"start":{"line":424,"column":37},"end":{"line":424,"column":61}}],"line":424},"47":{"loc":{"start":{"line":433,"column":50},"end":{"line":433,"column":74}},"type":"binary-expr","locations":[{"start":{"line":433,"column":50},"end":{"line":433,"column":66}},{"start":{"line":433,"column":70},"end":{"line":433,"column":74}}],"line":433},"48":{"loc":{"start":{"line":455,"column":43},"end":{"line":455,"column":67}},"type":"binary-expr","locations":[{"start":{"line":455,"column":43},"end":{"line":455,"column":59}},{"start":{"line":455,"column":63},"end":{"line":455,"column":67}}],"line":455},"49":{"loc":{"start":{"line":458,"column":8},"end":{"line":460,"column":9}},"type":"if","locations":[{"start":{"line":458,"column":8},"end":{"line":460,"column":9}},{"start":{},"end":{}}],"line":458},"50":{"loc":{"start":{"line":475,"column":8},"end":{"line":477,"column":9}},"type":"if","locations":[{"start":{"line":475,"column":8},"end":{"line":477,"column":9}},{"start":{},"end":{}}],"line":475}},"s":{"0":1,"1":1,"2":7,"3":7,"4":6,"5":4,"6":2,"7":2,"8":2,"9":2,"10":1,"11":1,"12":1,"13":1,"14":2,"15":2,"16":2,"17":2,"18":2,"19":2,"20":2,"21":1,"22":1,"23":2,"24":2,"25":0,"26":0,"27":1,"28":3,"29":3,"30":3,"31":3,"32":3,"33":3,"34":0,"35":0,"36":1,"37":2,"38":2,"39":2,"40":2,"41":2,"42":2,"43":1,"44":1,"45":0,"46":0,"47":1,"48":1,"49":1,"50":1,"51":1,"52":1,"53":1,"54":1,"55":1,"56":1,"57":1,"58":1,"59":0,"60":0,"61":1,"62":3,"63":3,"64":3,"65":3,"66":3,"67":2,"68":1,"69":1,"70":1,"71":1,"72":1,"73":1,"74":1,"75":2,"76":1,"77":1,"78":1,"79":1,"80":1,"81":1,"82":1,"83":3,"84":3,"85":1,"86":2,"87":2,"88":2,"89":2,"90":2,"91":2,"92":2,"93":2,"94":2,"95":1,"96":1,"97":1,"98":1,"99":1,"100":1,"101":1,"102":1,"103":1,"104":1,"105":0,"106":0,"107":0,"108":0,"109":2,"110":2,"111":1,"112":2,"113":2,"114":2,"115":2,"116":2,"117":2,"118":2,"119":1,"120":1,"121":1,"122":1,"123":0,"124":0,"125":0,"126":0,"127":2,"128":2,"129":1,"130":3,"131":3,"132":3,"133":3,"134":3,"135":3,"136":3,"137":1,"138":2,"139":1,"140":3,"141":3,"142":0,"143":0,"144":1,"145":1,"146":1,"147":1,"148":1,"149":1,"150":1,"151":0,"152":0,"153":1,"154":2,"155":2,"156":2,"157":2,"158":2,"159":2,"160":1,"161":1,"162":0,"163":0,"164":1,"165":2,"166":2,"167":2,"168":2,"169":1,"170":1,"171":0,"172":0,"173":1,"174":2,"175":2,"176":2,"177":2,"178":1,"179":1,"180":0,"181":0,"182":1,"183":1,"184":1,"185":1,"186":1,"187":0,"188":0,"189":1,"190":2,"191":2,"192":2,"193":1,"194":1,"195":1,"196":1,"197":0,"198":0,"199":1,"200":2,"201":2,"202":2,"203":2,"204":2,"205":2,"206":1,"207":1,"208":0,"209":0,"210":1,"211":2,"212":2,"213":2,"214":2,"215":1,"216":1,"217":0,"218":0,"219":1},"f":{"0":7,"1":2,"2":3,"3":2,"4":1,"5":1,"6":1,"7":3,"8":2,"9":2,"10":1,"11":2,"12":3,"13":1,"14":2,"15":2,"16":2,"17":1,"18":2,"19":2,"20":2},"b":{"0":[4,2],"1":[1,1],"2":[1,1],"3":[3,3],"4":[3,3],"5":[3,3],"6":[3,3],"7":[0,3],"8":[1,1],"9":[1,1],"10":[2,2,1,1],"11":[1,0],"12":[1,0],"13":[1,1,1],"14":[2,0],"15":[2,1],"16":[1,0],"17":[3,0],"18":[1,1],"19":[1,0],"20":[1,1,1],"21":[1,0],"22":[1,0],"23":[0,0],"24":[2,0],"25":[1,1],"26":[0,0],"27":[2,0],"28":[1,2],"29":[1,1],"30":[3,2],"31":[3,2],"32":[3,2],"33":[1,0],"34":[1,0],"35":[1,0],"36":[1,0],"37":[1,1],"38":[1,0],"39":[2,1],"40":[2,1],"41":[2,1],"42":[1,1],"43":[1,1],"44":[1,1],"45":[1,1],"46":[2,2,1],"47":[1,0],"48":[2,1],"49":[1,1],"50":[1,1]},"_coverageSchema":"1a1c01bbd47fc00a2c39e90264f33305004495a9","hash":"8992911b35a8c2b51b9256a2a7b39eeefcbc6f35"}
,"D:\\1. KULIAH\\semester 6\\ppl 1\\projek\\PPL1-HilangArah-2026\\backend\\controllers\\adminUserController.js": {"path":"D:\\1. KULIAH\\semester 6\\ppl 1\\projek\\PPL1-HilangArah-2026\\backend\\controllers\\adminUserController.js","statementMap":{"0":{"start":{"line":1,"column":13},"end":{"line":1,"column":29}},"1":{"start":{"line":4,"column":20},"end":{"line":66,"column":1}},"2":{"start":{"line":5,"column":4},"end":{"line":65,"column":5}},"3":{"start":{"line":6,"column":37},"end":{"line":6,"column":46}},"4":{"start":{"line":8,"column":27},"end":{"line":15,"column":9}},"5":{"start":{"line":16,"column":30},"end":{"line":16,"column":58}},"6":{"start":{"line":18,"column":25},"end":{"line":32,"column":9}},"7":{"start":{"line":33,"column":28},"end":{"line":33,"column":30}},"8":{"start":{"line":36,"column":8},"end":{"line":39,"column":9}},"9":{"start":{"line":37,"column":12},"end":{"line":37,"column":93}},"10":{"start":{"line":38,"column":12},"end":{"line":38,"column":74}},"11":{"start":{"line":42,"column":8},"end":{"line":45,"column":9}},"12":{"start":{"line":43,"column":12},"end":{"line":43,"column":55}},"13":{"start":{"line":44,"column":12},"end":{"line":44,"column":39}},"14":{"start":{"line":47,"column":8},"end":{"line":47,"column":52}},"15":{"start":{"line":48,"column":24},"end":{"line":48,"column":65}},"16":{"start":{"line":50,"column":8},"end":{"line":60,"column":11}},"17":{"start":{"line":63,"column":8},"end":{"line":63,"column":51}},"18":{"start":{"line":64,"column":8},"end":{"line":64,"column":100}},"19":{"start":{"line":69,"column":25},"end":{"line":91,"column":1}},"20":{"start":{"line":70,"column":4},"end":{"line":90,"column":5}},"21":{"start":{"line":71,"column":28},"end":{"line":71,"column":38}},"22":{"start":{"line":72,"column":30},"end":{"line":72,"column":38}},"23":{"start":{"line":74,"column":20},"end":{"line":74,"column":37}},"24":{"start":{"line":76,"column":25},"end":{"line":79,"column":9}},"25":{"start":{"line":81,"column":8},"end":{"line":83,"column":9}},"26":{"start":{"line":82,"column":12},"end":{"line":82,"column":82}},"27":{"start":{"line":85,"column":27},"end":{"line":85,"column":73}},"28":{"start":{"line":86,"column":8},"end":{"line":86,"column":83}},"29":{"start":{"line":88,"column":8},"end":{"line":88,"column":60}},"30":{"start":{"line":89,"column":8},"end":{"line":89,"column":77}},"31":{"start":{"line":94,"column":19},"end":{"line":119,"column":1}},"32":{"start":{"line":95,"column":4},"end":{"line":118,"column":5}},"33":{"start":{"line":96,"column":28},"end":{"line":96,"column":38}},"34":{"start":{"line":99,"column":8},"end":{"line":99,"column":74}},"35":{"start":{"line":102,"column":8},"end":{"line":102,"column":78}},"36":{"start":{"line":105,"column":8},"end":{"line":105,"column":81}},"37":{"start":{"line":108,"column":25},"end":{"line":108,"column":113}},"38":{"start":{"line":110,"column":8},"end":{"line":112,"column":9}},"39":{"start":{"line":111,"column":12},"end":{"line":111,"column":82}},"40":{"start":{"line":114,"column":8},"end":{"line":114,"column":86}},"41":{"start":{"line":116,"column":8},"end":{"line":116,"column":53}},"42":{"start":{"line":117,"column":8},"end":{"line":117,"column":126}},"43":{"start":{"line":121,"column":0},"end":{"line":125,"column":2}}},"fnMap":{"0":{"name":"(anonymous_0)","decl":{"start":{"line":4,"column":20},"end":{"line":4,"column":21}},"loc":{"start":{"line":4,"column":40},"end":{"line":66,"column":1}},"line":4},"1":{"name":"(anonymous_1)","decl":{"start":{"line":69,"column":25},"end":{"line":69,"column":26}},"loc":{"start":{"line":69,"column":45},"end":{"line":91,"column":1}},"line":69},"2":{"name":"(anonymous_2)","decl":{"start":{"line":94,"column":19},"end":{"line":94,"column":20}},"loc":{"start":{"line":94,"column":39},"end":{"line":119,"column":1}},"line":94}},"branchMap":{"0":{"loc":{"start":{"line":36,"column":8},"end":{"line":39,"column":9}},"type":"if","locations":[{"start":{"line":36,"column":8},"end":{"line":39,"column":9}},{"start":{},"end":{}}],"line":36},"1":{"loc":{"start":{"line":42,"column":8},"end":{"line":45,"column":9}},"type":"if","locations":[{"start":{"line":42,"column":8},"end":{"line":45,"column":9}},{"start":{},"end":{}}],"line":42},"2":{"loc":{"start":{"line":42,"column":12},"end":{"line":42,"column":42}},"type":"binary-expr","locations":[{"start":{"line":42,"column":12},"end":{"line":42,"column":20}},{"start":{"line":42,"column":24},"end":{"line":42,"column":42}}],"line":42},"3":{"loc":{"start":{"line":54,"column":27},"end":{"line":54,"column":58}},"type":"binary-expr","locations":[{"start":{"line":54,"column":27},"end":{"line":54,"column":53}},{"start":{"line":54,"column":57},"end":{"line":54,"column":58}}],"line":54},"4":{"loc":{"start":{"line":55,"column":28},"end":{"line":55,"column":60}},"type":"binary-expr","locations":[{"start":{"line":55,"column":28},"end":{"line":55,"column":55}},{"start":{"line":55,"column":59},"end":{"line":55,"column":60}}],"line":55},"5":{"loc":{"start":{"line":56,"column":31},"end":{"line":56,"column":66}},"type":"binary-expr","locations":[{"start":{"line":56,"column":31},"end":{"line":56,"column":61}},{"start":{"line":56,"column":65},"end":{"line":56,"column":66}}],"line":56},"6":{"loc":{"start":{"line":74,"column":20},"end":{"line":74,"column":37}},"type":"cond-expr","locations":[{"start":{"line":74,"column":32},"end":{"line":74,"column":33}},{"start":{"line":74,"column":36},"end":{"line":74,"column":37}}],"line":74},"7":{"loc":{"start":{"line":81,"column":8},"end":{"line":83,"column":9}},"type":"if","locations":[{"start":{"line":81,"column":8},"end":{"line":83,"column":9}},{"start":{},"end":{}}],"line":81},"8":{"loc":{"start":{"line":85,"column":27},"end":{"line":85,"column":73}},"type":"cond-expr","locations":[{"start":{"line":85,"column":39},"end":{"line":85,"column":59}},{"start":{"line":85,"column":62},"end":{"line":85,"column":73}}],"line":85},"9":{"loc":{"start":{"line":110,"column":8},"end":{"line":112,"column":9}},"type":"if","locations":[{"start":{"line":110,"column":8},"end":{"line":112,"column":9}},{"start":{},"end":{}}],"line":110}},"s":{"0":1,"1":1,"2":2,"3":2,"4":2,"5":2,"6":2,"7":2,"8":2,"9":1,"10":1,"11":2,"12":1,"13":1,"14":2,"15":2,"16":2,"17":0,"18":0,"19":1,"20":3,"21":3,"22":3,"23":3,"24":3,"25":3,"26":1,"27":2,"28":2,"29":0,"30":0,"31":1,"32":2,"33":2,"34":2,"35":2,"36":2,"37":2,"38":2,"39":1,"40":1,"41":0,"42":0,"43":1},"f":{"0":2,"1":3,"2":2},"b":{"0":[1,1],"1":[1,1],"2":[2,1],"3":[2,0],"4":[2,0],"5":[2,1],"6":[2,1],"7":[1,2],"8":[1,1],"9":[1,1]},"_coverageSchema":"1a1c01bbd47fc00a2c39e90264f33305004495a9","hash":"48a8ca1856b00ac397a999694e4d1a250d6f4aea"}
,"D:\\1. KULIAH\\semester 6\\ppl 1\\projek\\PPL1-HilangArah-2026\\backend\\controllers\\authController.js": {"path":"D:\\1. KULIAH\\semester 6\\ppl 1\\projek\\PPL1-HilangArah-2026\\backend\\controllers\\authController.js","statementMap":{"0":{"start":{"line":1,"column":15},"end":{"line":1,"column":32}},"1":{"start":{"line":2,"column":12},"end":{"line":2,"column":35}},"2":{"start":{"line":3,"column":15},"end":{"line":3,"column":32}},"3":{"start":{"line":4,"column":13},"end":{"line":4,"column":29}},"4":{"start":{"line":5,"column":18},"end":{"line":5,"column":47}},"5":{"start":{"line":6,"column":23},"end":{"line":6,"column":57}},"6":{"start":{"line":9,"column":17},"end":{"line":71,"column":1}},"7":{"start":{"line":10,"column":23},"end":{"line":10,"column":49}},"8":{"start":{"line":11,"column":4},"end":{"line":70,"column":5}},"9":{"start":{"line":12,"column":88},"end":{"line":12,"column":96}},"10":{"start":{"line":14,"column":8},"end":{"line":16,"column":9}},"11":{"start":{"line":15,"column":12},"end":{"line":15,"column":113}},"12":{"start":{"line":18,"column":8},"end":{"line":20,"column":9}},"13":{"start":{"line":19,"column":12},"end":{"line":19,"column":100}},"14":{"start":{"line":22,"column":8},"end":{"line":22,"column":44}},"15":{"start":{"line":24,"column":32},"end":{"line":24,"column":102}},"16":{"start":{"line":25,"column":8},"end":{"line":28,"column":9}},"17":{"start":{"line":26,"column":12},"end":{"line":26,"column":40}},"18":{"start":{"line":27,"column":12},"end":{"line":27,"column":107}},"19":{"start":{"line":30,"column":24},"end":{"line":30,"column":43}},"20":{"start":{"line":31,"column":31},"end":{"line":31,"column":62}},"21":{"start":{"line":32,"column":21},"end":{"line":32,"column":31}},"22":{"start":{"line":35,"column":24},"end":{"line":35,"column":78}},"23":{"start":{"line":37,"column":8},"end":{"line":40,"column":10}},"24":{"start":{"line":42,"column":27},"end":{"line":42,"column":46}},"25":{"start":{"line":43,"column":22},"end":{"line":43,"column":42}},"26":{"start":{"line":44,"column":25},"end":{"line":44,"column":48}},"27":{"start":{"line":46,"column":8},"end":{"line":49,"column":10}},"28":{"start":{"line":51,"column":8},"end":{"line":51,"column":34}},"29":{"start":{"line":53,"column":8},"end":{"line":53,"column":55}},"30":{"start":{"line":55,"column":8},"end":{"line":55,"column":67}},"31":{"start":{"line":56,"column":8},"end":{"line":56,"column":70}},"32":{"start":{"line":57,"column":8},"end":{"line":57,"col
[...]
d":{"line":16,"column":62}},"10":{"start":{"line":20,"column":16},"end":{"line":27,"column":1}},"11":{"start":{"line":21,"column":4},"end":{"line":26,"column":5}},"12":{"start":{"line":22,"column":8},"end":{"line":22,"column":15}},"13":{"start":{"line":25,"column":8},"end":{"line":25,"column":93}},"14":{"start":{"line":29,"column":20},"end":{"line":36,"column":1}},"15":{"start":{"line":30,"column":4},"end":{"line":35,"column":5}},"16":{"start":{"line":31,"column":8},"end":{"line":31,"column":15}},"17":{"start":{"line":34,"column":8},"end":{"line":34,"column":107}},"18":{"start":{"line":38,"column":0},"end":{"line":42,"column":1}}},"fnMap":{"0":{"name":"(anonymous_0)","decl":{"start":{"line":3,"column":20},"end":{"line":3,"column":21}},"loc":{"start":{"line":3,"column":40},"end":{"line":18,"column":1}},"line":3},"1":{"name":"(anonymous_1)","decl":{"start":{"line":20,"column":16},"end":{"line":20,"column":17}},"loc":{"start":{"line":20,"column":36},"end":{"line":27,"column":1}},"line":20},"2":{"name":"(anonymous_2)","decl":{"start":{"line":29,"column":20},"end":{"line":29,"column":21}},"loc":{"start":{"line":29,"column":40},"end":{"line":36,"column":1}},"line":29}},"branchMap":{"0":{"loc":{"start":{"line":6,"column":4},"end":{"line":8,"column":5}},"type":"if","locations":[{"start":{"line":6,"column":4},"end":{"line":8,"column":5}},{"start":{},"end":{}}],"line":6},"1":{"loc":{"start":{"line":21,"column":4},"end":{"line":26,"column":5}},"type":"if","locations":[{"start":{"line":21,"column":4},"end":{"line":26,"column":5}},{"start":{"line":24,"column":9},"end":{"line":26,"column":5}}],"line":21},"2":{"loc":{"start":{"line":21,"column":8},"end":{"line":21,"column":45}},"type":"binary-expr","locations":[{"start":{"line":21,"column":8},"end":{"line":21,"column":16}},{"start":{"line":21,"column":20},"end":{"line":21,"column":45}}],"line":21},"3":{"loc":{"start":{"line":30,"column":4},"end":{"line":35,"column":5}},"type":"if","locations":[{"start":{"line":30,"column":4},"end":{"line":35,"column":5}},{"start":{"line":33,"column":9},"end":{"line":35,"column":5}}],"line":30},"4":{"loc":{"start":{"line":30,"column":8},"end":{"line":30,"column":94}},"type":"binary-expr","locations":[{"start":{"line":30,"column":8},"end":{"line":30,"column":16}},{"start":{"line":30,"column":20},"end":{"line":30,"column":45}},{"start":{"line":30,"column":49},"end":{"line":30,"column":94}}],"line":30}},"s":{"0":1,"1":1,"2":3,"3":3,"4":1,"5":2,"6":2,"7":1,"8":1,"9":1,"10":1,"11":3,"12":1,"13":2,"14":1,"15":4,"16":1,"17":3,"18":1},"f":{"0":3,"1":3,"2":4},"b":{"0":[1,2],"1":[1,2],"2":[3,2],"3":[1,3],"4":[4,3,2]},"_coverageSchema":"1a1c01bbd47fc00a2c39e90264f33305004495a9","hash":"4cfa669fb2de3a01c2aa09237d49dfabe3ea54fd"}
,"D:\\1. KULIAH\\semester 6\\ppl 1\\projek\\PPL1-HilangArah-2026\\backend\\routes\\adminDashboardRoutes.js": {"path":"D:\\1. KULIAH\\semester 6\\ppl 1\\projek\\PPL1-HilangArah-2026\\backend\\routes\\adminDashboardRoutes.js","statementMap":{"0":{"start":{"line":1,"column":16},"end":{"line":1,"column":34}},"1":{"start":{"line":2,"column":15},"end":{"line":2,"column":31}},"2":{"start":{"line":4,"column":30},"end":{"line":4,"column":80}},"3":{"start":{"line":5,"column":27},"end":{"line":5,"column":74}},"4":{"start":{"line":6,"column":23},"end":{"line":6,"column":62}},"5":{"start":{"line":8,"column":0},"end":{"line":8,"column":102}},"6":{"start":{"line":9,"column":0},"end":{"line":9,"column":99}},"7":{"start":{"line":11,"column":0},"end":{"line":11,"column":24}}},"fnMap":{},"branchMap":{},"s":{"0":1,"1":1,"2":1,"3":1,"4":1,"5":1,"6":1,"7":1},"f":{},"b":{},"_coverageSchema":"1a1c01bbd47fc00a2c39e90264f33305004495a9","hash":"13acef69fad4a053efc8a4fe78baab7d3d1d8d48"}
,"D:\\1. KULIAH\\semester 6\\ppl 1\\projek\\PPL1-HilangArah-2026\\backend\\routes\\adminGuideRoutes.js": {"path":"D:\\1. KULIAH\\semester 6\\ppl 1\\projek\\PPL1-HilangArah-2026\\backend\\routes\\adminGuideRoutes.js","statementMap":{"0":{"start":{"line":1,"column":16},"end":{"line":1,"column":34}},"1":{"start":{"line":2,"column":15},"end":{"line":2,"column":31}},"2":{"start":{"line":11,"column":4},"end":{"line":11,"column":50}},"3":{"start":{"line":13,"column":33},"end":{"line":13,"column":72}},"4":{"start":{"line":15,"column":0},"end":{"line":15,"column":52}},"5":{"start":{"line":16,"column":0},"end":{"line":16,"column":52}},"6":{"start":{"line":17,"column":0},"end":{"line":17,"column":66}},"7":{"start":{"line":18,"column":0},"end":{"line":18,"column":63}},"8":{"start":{"line":19,"column":0},"end":{"line":19,"column":76}},"9":{"start":{"line":20,"column":0},"end":{"line":20,"column":66}},"10":{"start":{"line":22,"column":0},"end":{"line":22,"column":24}}},"fnMap":{},"branchMap":{},"s":{"0":1,"1":1,"2":1,"3":1,"4":1,"5":1,"6":1,"7":1,"8":1,"9":1,"10":1},"f":{},"b":{},"_coverageSchema":"1a1c01bbd47fc00a2c39e90264f33305004495a9","hash":"2cabfe889fe96c3f355117bd8022f51083a2f299"}
,"D:\\1. KULIAH\\semester 6\\ppl 1\\projek\\PPL1-HilangArah-2026\\backend\\routes\\adminManageRoutes.js": {"path":"D:\\1. KULIAH\\semester 6\\ppl 1\\projek\\PPL1-HilangArah-2026\\backend\\routes\\adminManageRoutes.js","statementMap":{"0":{"start":{"line":1,"column":16},"end":{"line":1,"column":34}},"1":{"start":{"line":2,"column":15},"end":{"line":2,"column":31}},"2":{"start":{"line":6,"column":28},"end":{"line":6,"column":75}},"3":{"start":{"line":7,"column":44},"end":{"line":7,"column":83}},"4":{"start":{"line":9,"column":0},"end":{"line":9,"column":52}},"5":{"start":{"line":11,"column":0},"end":{"line":11,"column":66}},"6":{"start":{"line":12,"column":0},"end":{"line":12,"column":58}},"7":{"start":{"line":13,"column":0},"end":{"line":13,"column":67}},"8":{"start":{"line":15,"column":0},"end":{"line":15,"column":24}}},"fnMap":{},"branchMap":{},"s":{"0":1,"1":1,"2":1,"3":1,"4":1,"5":1,"6":1,"7":1,"8":1},"f":{},"b":{},"_coverageSchema":"1a1c01bbd47fc00a2c39e90264f33305004495a9","hash":"96b2e7673ae461d48b74d0f2f560d2b519368a99"}
,"D:\\1. KULIAH\\semester 6\\ppl 1\\projek\\PPL1-HilangArah-2026\\backend\\routes\\adminReportRoutes.js": {"path":"D:\\1. KULIAH\\semester 6\\ppl 1\\projek\\PPL1-HilangArah-2026\\backend\\routes\\adminReportRoutes.js","statementMap":{"0":{"start":{"line":1,"column":16},"end":{"line":1,"column":34}},"1":{"start":{"line":2,"column":15},"end":{"line":2,"column":31}},"2":{"start":{"line":3,"column":30},"end":{"line":3,"column":77}},"3":{"start":{"line":4,"column":31},"end":{"line":4,"column":70}},"4":{"start":{"line":6,"column":0},"end":{"line":6,"column":78}},"5":{"start":{"line":7,"column":0},"end":{"line":7,"column":86}},"6":{"start":{"line":8,"column":0},"end":{"line":8,"column":79}},"7":{"start":{"line":10,"column":0},"end":{"line":10,"column":24}}},"fnMap":{},"branchMap":{},"s":{"0":1,"1":1,"2":1,"3":1,"4":1,"5":1,"6":1,"7":1},"f":{},"b":{},"_coverageSchema":"1a1c01bbd47fc00a2c39e90264f33305004495a9","hash":"4c0f717ebf783a4f3dd92f847d2ee663e4ea528d"}
,"D:\\1. KULIAH\\semester 6\\ppl 1\\projek\\PPL1-HilangArah-2026\\backend\\routes\\adminSubRoutes.js": {"path":"D:\\1. KULIAH\\semester 6\\ppl 1\\projek\\PPL1-HilangArah-2026\\backend\\routes\\adminSubRoutes.js","statementMap":{"0":{"start":{"line":1,"column":16},"end":{"line":1,"column":34}},"1":{"start":{"line":2,"column":15},"end":{"line":2,"column":31}},"2":{"start":{"line":10,"column":4},"end":{"line":10,"column":48}},"3":{"start":{"line":12,"column":31},"end":{"line":12,"column":70}},"4":{"start":{"line":14,"column":0},"end":{"line":14,"column":58}},"5":{"start":{"line":15,"column":0},"end":{"line":15,"column":69}},"6":{"start":{"line":16,"column":0},"end":{"line":16,"column":86}},"7":{"start":{"line":17,"column":0},"end":{"line":17,"column":79}},"8":{"start":{"line":18,"column":0},"end":{"line":18,"column":69}},"9":{"start":{"line":20,"column":0},"end":{"line":20,"column":24}}},"fnMap":{},"branchMap":{},"s":{"0":1,"1":1,"2":1,"3":1,"4":1,"5":1,"6":1,"7":1,"8":1,"9":1},"f":{},"b":{},"_coverageSchema":"1a1c01bbd47fc00a2c39e90264f33305004495a9","hash":"aa553334d9cad2209589ce71c2627594bcf1e73b"}
,"D:\\1. KULIAH\\semester 6\\ppl 1\\projek\\PPL1-HilangArah-2026\\backend\\routes\\adminTransportRoutes.js": {"path":"D:\\1. KULIAH\\semester 6\\ppl 1\\projek\\PPL1-HilangArah-2026\\backend\\routes\\adminTransportRoutes.js","statementMap":{"0":{"start":{"line":1,"column":16},"end":{"line":1,"column":34}},"1":{"start":{"line":2,"column":15},"end":{"line":2,"column":31}},"2":{"start":{"line":3,"column":33},"end":{"line":3,"column":83}},"3":{"start":{"line":4,"column":31},"end":{"line":4,"column":70}},"4":{"start":{"line":6,"column":0},"end":{"line":6,"column":86}},"5":{"start":{"line":7,"column":0},"end":{"line":7,"column":86}},"6":{"start":{"line":8,"column":0},"end":{"line":8,"column":89}},"7":{"start":{"line":9,"column":0},"end":{"line":9,"column":92}},"8":{"start":{"line":11,"column":0},"end":{"line":11,"column":83}},"9":{"start":{"line":12,"column":0},"end":{"line":12,"column":83}},"10":{"start":{"line":13,"column":0},"end":{"line":13,"column":86}},"11":{"start":{"line":14,"column":0},"end":{"line":14,"column":89}},"12":{"start":{"line":16,"column":0},"end":{"line":16,"column":81}},"13":{"start":{"line":17,"column":0},"end":{"line":17,"column":81}},"14":{"start":{"line":18,"column":0},"end":{"line":18,"column":84}},"15":{"start":{"line":19,"column":0},"end":{"line":19,"column":87}},"16":{"start":{"line":21,"column":0},"end":{"line":21,"column":92}},"17":{"start":{"line":22,"column":0},"end":{"line":22,"column":92}},"18":{"start":{"line":23,"column":0},"end":{"line":23,"column":95}},"19":{"start":{"line":24,"column":0},"end":{"line":24,"column":98}},"20":{"start":{"line":26,"column":0},"end":{"line":26,"column":24}}},"fnMap":{},"branchMap":{},"s":{"0":1,"1":1,"2":1,"3":1,"4":1,"5":1,"6":1,"7":1,"8":1,"9":1,"10":1,"11":1,"12":1,"13":1,"14":1,"15":1,"16":1,"17":1,"18":1,"19":1,"20":1},"f":{},"b":{},"_coverageSchema":"1a1c01bbd47fc00a2c39e90264f33305004495a9","hash":"9a7d1d0219bc8a60360d015995a39ef722934dab"}
,"D:\\1. KULIAH\\semester 6\\ppl 1\\projek\\PPL1-HilangArah-2026\\backend\\routes\\adminUserRoutes.js": {"path":"D:\\1. KULIAH\\semester 6\\ppl 1\\projek\\PPL1-HilangArah-2026\\backend\\routes\\adminUserRoutes.js","statementMap":{"0":{"start":{"line":1,"column":16},"end":{"line":1,"column":34}},"1":{"start":{"line":2,"column":15},"end":{"line":2,"column":31}},"2":{"start":{"line":3,"column":28},"end":{"line":3,"column":73}},"3":{"start":{"line":4,"column":33},"end":{"line":4,"column":72}},"4":{"start":{"line":6,"column":0},"end":{"line":6,"column":71}},"5":{"start":{"line":7,"column":0},"end":{"line":7,"column":91}},"6":{"start":{"line":8,"column":0},"end":{"line":8,"column":81}},"7":{"start":{"line":10,"column":0},"end":{"line":10,"column":24}}},"fnMap":{},"branchMap":{},"s":{"0":1,"1":1,"2":1,"3":1,"4":1,"5":1,"6":1,"7":1},"f":{},"b":{},"_coverageSchema":"1a1c01bbd47fc00a2c39e90264f33305004495a9","hash":"cab155c3d346e2862c886fa1c11d48e5c4c455f4"}
,"D:\\1. KULIAH\\semester 6\\ppl 1\\projek\\PPL1-HilangArah-2026\\backend\\routes\\authRoutes.js": {"path":"D:\\1. KULIAH\\semester 6\\ppl 1\\projek\\PPL1-HilangArah-2026\\backend\\routes\\authRoutes.js","statementMap":{"0":{"start":{"line":1,"column":16},"end":{"line":1,"column":34}},"1":{"start":{"line":2,"column":15},"end":{"line":2,"column":31}},"2":{"start":{"line":3,"column":23},"end":{"line":3,"column":63}},"3":{"start":{"line":5,"column":0},"end":{"line":5,"column":50}},"4":{"start":{"line":6,"column":0},"end":{"line":6,"column":57}},"5":{"start":{"line":7,"column":0},"end":{"line":7,"column":44}},"6":{"start":{"line":8,"column":0},"end":{"line":8,"column":63}},"7":{"start":{"line":9,"column":0},"end":{"line":9,"column":61}},"8":{"start":{"line":11,"column":0},"end":{"line":11,"column":24}}},"fnMap":{},"branchMap":{},"s":{"0":1,"1":1,"2":1,"3":1,"4":1,"5":1,"6":1,"7":1,"8":1},"f":{},"b":{},"_coverageSchema":"1a1c01bbd47fc00a2c39e90264f33305004495a9","hash":"9bf042090947281ffbbbadeb4d3864a6d92e42f0"}
,"D:\\1. KULIAH\\semester 6\\ppl 1\\projek\\PPL1-HilangArah-2026\\backend\\routes\\profileRoutes.js": {"path":"D:\\1. KULIAH\\semester 6\\ppl 1\\projek\\PPL1-HilangArah-2026\\backend\\routes\\profileRoutes.js","statementMap":{"0":{"start":{"line":1,"column":16},"end":{"line":1,"column":34}},"1":{"start":{"line":2,"column":15},"end":{"line":2,"column":31}},"2":{"start":{"line":3,"column":23},"end":{"line":3,"column":66}},"3":{"start":{"line":4,"column":26},"end":{"line":4,"column":69}},"4":{"start":{"line":5,"column":23},"end":{"line":5,"column":62}},"5":{"start":{"line":7,"column":0},"end":{"line":7,"column":74}},"6":{"start":{"line":8,"column":0},"end":{"line":8,"column":77}},"7":{"start":{"line":9,"column":0},"end":{"line":9,"column":86}},"8":{"start":{"line":11,"column":0},"end":{"line":11,"column":24}}},"fnMap":{},"branchMap":{},"s":{"0":1,"1":1,"2":1,"3":1,"4":1,"5":1,"6":1,"7":1,"8":1},"f":{},"b":{},"_coverageSchema":"1a1c01bbd47fc00a2c39e90264f33305004495a9","hash":"7d87c20e8be6cc9f2c05d994025798d82233f492"}
,"D:\\1. KULIAH\\semester 6\\ppl 1\\projek\\PPL1-HilangArah-2026\\backend\\routes\\reportRoutes.js": {"path":"D:\\1. KULIAH\\semester 6\\ppl 1\\projek\\PPL1-HilangArah-2026\\backend\\routes\\reportRoutes.js","statementMap":{"0":{"start":{"line":1,"column":16},"end":{"line":1,"column":34}},"1":{"start":{"line":2,"column":15},"end":{"line":2,"column":31}},"2":{"start":{"line":3,"column":59},"end":{"line":3,"column":101}},"3":{"start":{"line":4,"column":24},"end":{"line":4,"column":63}},"4":{"start":{"line":6,"column":0},"end":{"line":6,"column":24}},"5":{"start":{"line":7,"column":0},"end":{"line":7,"column":45}},"6":{"start":{"line":8,"column":0},"end":{"line":8,"column":40}},"7":{"start":{"line":9,"column":0},"end":{"line":9,"column":31}},"8":{"start":{"line":11,"column":0},"end":{"line":11,"column":24}}},"fnMap":{},"branchMap":{},"s":{"0":1,"1":1,"2":1,"3":1,"4":1,"5":1,"6":1,"7":1,"8":1},"f":{},"b":{},"_coverageSchema":"1a1c01bbd47fc00a2c39e90264f33305004495a9","hash":"d3bc89d373a32735d6e951f9cf1badaef39a3fa0"}
,"D:\\1. KULIAH\\semester 6\\ppl 1\\projek\\PPL1-HilangArah-2026\\backend\\routes\\searchRoutes.js": {"path":"D:\\1. KULIAH\\semester 6\\ppl 1\\projek\\PPL1-HilangArah-2026\\backend\\routes\\searchRoutes.js","statementMap":{"0":{"start":{"line":1,"column":16},"end":{"line":1,"column":34}},"1":{"start":{"line":2,"column":15},"end":{"line":2,"column":31}},"2":{"start":{"line":3,"column":25},"end":{"line":3,"column":67}},"3":{"start":{"line":4,"column":22},"end":{"line":4,"column":61}},"4":{"start":{"line":6,"column":0},"end":{"line":6,"column":60}},"5":{"start":{"line":7,"column":0},"end":{"line":7,"column":77}},"6":{"start":{"line":9,"column":0},"end":{"line":9,"column":24}}},"fnMap":{},"branchMap":{},"s":{"0":1,"1":1,"2":1,"3":1,"4":1,"5":1,"6":1},"f":{},"b":{},"_coverageSchema":"1a1c01bbd47fc00a2c39e90264f33305004495a9","hash":"0a8d1e6c85a156f896aba813d9838140386ea7bd"}
,"D:\\1. KULIAH\\semester 6\\ppl 1\\projek\\PPL1-HilangArah-2026\\backend\\routes\\subscriptionRoutes.js": {"path":"D:\\1. KULIAH\\semester 6\\ppl 1\\projek\\PPL1-HilangArah-2026\\backend\\routes\\subscriptionRoutes.js","statementMap":{"0":{"start":{"line":1,"column":16},"end":{"line":1,"column":34}},"1":{"start":{"line":2,"column":15},"end":{"line":2,"column":31}},"2":{"start":{"line":3,"column":108},"end":{"line":3,"column":156}},"3":{"start":{"line":4,"column":22},"end":{"line":4,"column":61}},"4":{"start":{"line":6,"column":0},"end":{"line":6,"column":49}},"5":{"start":{"line":8,"column":0},"end":{"line":8,"column":54}},"6":{"start":{"line":9,"column":0},"end":{"line":9,"column":58}},"7":{"start":{"line":10,"column":0},"end":{"line":10,"column":58}},"8":{"start":{"line":11,"column":0},"end":{"line":11,"column":59}},"9":{"start":{"line":13,"column":0},"end":{"line":13,"column":24}}},"fnMap":{},"branchMap":{},"s":{"0":1,"1":1,"2":1,"3":1,"4":1,"5":1,"6":1,"7":1,"8":1,"9":1},"f":{},"b":{},"_coverageSchema":"1a1c01bbd47fc00a2c39e90264f33305004495a9","hash":"97271703111973055263f3dff096bd3e6f5cdbc0"}
,"D:\\1. KULIAH\\semester 6\\ppl 1\\projek\\PPL1-HilangArah-2026\\backend\\utils\\autoExpire.js": {"path":"D:\\1. KULIAH\\semester 6\\ppl 1\\projek\\PPL1-HilangArah-2026\\backend\\utils\\autoExpire.js","statementMap":{"0":{"start":{"line":1,"column":13},"end":{"line":1,"column":29}},"1":{"start":{"line":3,"column":32},"end":{"line":22,"column":1}},"2":{"start":{"line":4,"column":4},"end":{"line":21,"column":5}},"3":{"start":{"line":6,"column":8},"end":{"line":11,"column":11}},"4":{"start":{"line":14,"column":8},"end":{"line":18,"column":11}},"5":{"start":{"line":20,"column":8},"end":{"line":20,"column":71}},"6":{"start":{"line":24,"column":0},"end":{"line":24,"column":41}}},"fnMap":{"0":{"name":"(anonymous_0)","decl":{"start":{"line":3,"column":32},"end":{"line":3,"column":33}},"loc":{"start":{"line":3,"column":44},"end":{"line":22,"column":1}},"line":3}},"branchMap":{},"s":{"0":1,"1":1,"2":2,"3":2,"4":1,"5":1,"6":1},"f":{"0":2},"b":{},"_coverageSchema":"1a1c01bbd47fc00a2c39e90264f33305004495a9","hash":"566c60e7d82faae636e40de5aac758a584f67c37"}
,"D:\\1. KULIAH\\semester 6\\ppl 1\\projek\\PPL1-HilangArah-2026\\backend\\utils\\sendEmail.js": {"path":"D:\\1. KULIAH\\semester 6\\ppl 1\\projek\\PPL1-HilangArah-2026\\backend\\utils\\sendEmail.js","statementMap":{"0":{"start":{"line":1,"column":18},"end":{"line":41,"column":1}},"1":{"start":{"line":2,"column":4},"end":{"line":40,"column":5}},"2":{"start":{"line":3,"column":25},"end":{"line":29,"column":10}},"3":{"start":{"line":31,"column":23},"end":{"line":31,"column":44}},"4":{"start":{"line":33,"column":8},"end":{"line":37,"column":9}},"5":{"start":{"line":34,"column":12},"end":{"line":34,"column":82}},"6":{"start":{"line":36,"column":12},"end":{"line":36,"column":65}},"7":{"start":{"line":39,"column":8},"end":{"line":39,"column":56}},"8":{"start":{"line":43,"column":0},"end":{"line":43,"column":27}}},"fnMap":{"0":{"name":"(anonymous_0)","decl":{"start":{"line":1,"column":18},"end":{"line":1,"column":19}},"loc":{"start":{"line":1,"column":46},"end":{"line":41,"column":1}},"line":1}},"branchMap":{"0":{"loc":{"start":{"line":33,"column":8},"end":{"line":37,"column":9}},"type":"if","locations":[{"start":{"line":33,"column":8},"end":{"line":37,"column":9}},{"start":{"line":35,"column":15},"end":{"line":37,"column":9}}],"line":33}},"s":{"0":1,"1":3,"2":3,"3":2,"4":2,"5":1,"6":1,"7":1,"8":1},"f":{"0":3},"b":{"0":[1,1]},"_coverageSchema":"1a1c01bbd47fc00a2c39e90264f33305004495a9","hash":"79107dd08d8746ddba3a0028a871b3fcc47e13c5"}
,"D:\\1. KULIAH\\semester 6\\ppl 1\\projek\\PPL1-HilangArah-2026\\backend\\utils\\sendResetEmail.js": {"path":"D:\\1. KULIAH\\semester 6\\ppl 1\\projek\\PPL1-HilangArah-2026\\backend\\utils\\sendResetEmail.js","statementMap":{"0":{"start":{"line":1,"column":23},"end":{"line":44,"column":1}},"1":{"start":{"line":2,"column":4},"end":{"line":43,"column":5}},"2":{"start":{"line":3,"column":25},"end":{"line":32,"column":10}},"3":{"start":{"line":34,"column":23},"end":{"line":34,"column":44}},"4":{"start":{"line":36,"column":8},"end":{"line":40,"column":9}},"5":{"start":{"line":37,"column":12},"end":{"line":37,"column":93}},"6":{"start":{"line":39,"column":12},"end":{"line":39,"column":80}},"7":{"start":{"line":42,"column":8},"end":{"line":42,"column":75}},"8":{"start":{"line":46,"column":0},"end":{"line":46,"column":32}}},"fnMap":{"0":{"name":"(anonymous_0)","decl":{"start":{"line":1,"column":23},"end":{"line":1,"column":24}},"loc":{"start":{"line":1,"column":54},"end":{"line":44,"column":1}},"line":1}},"branchMap":{"0":{"loc":{"start":{"line":36,"column":8},"end":{"line":40,"column":9}},"type":"if","locations":[{"start":{"line":36,"column":8},"end":{"line":40,"column":9}},{"start":{"line":38,"column":15},"end":{"line":40,"column":9}}],"line":36}},"s":{"0":1,"1":3,"2":3,"3":2,"4":2,"5":1,"6":1,"7":1,"8":1},"f":{"0":3},"b":{"0":[1,1]},"_coverageSchema":"1a1c01bbd47fc00a2c39e90264f33305004495a9","hash":"b31a577be1f25be0cca5c6af42a15038b5c46f98"}
}
