TN:
SF:controllers\adminDashboardController.js
FN:3,(anonymous_0)
FNF:1
FNH:1
FNDA:2,(anonymous_0)
DA:1,1
DA:3,1
DA:4,2
DA:11,2
DA:49,2
DA:50,2
DA:51,2
DA:52,2
DA:54,2
DA:69,0
DA:70,0
DA:74,1
LF:12
LH:10
BRDA:52,0,0,1
BRDA:52,0,1,1
BRF:2
BRH:2
end_of_record
TN:
SF:controllers\adminGuideController.js
FN:4,(anonymous_0)
FN:47,(anonymous_1)
FN:62,(anonymous_2)
FN:87,(anonymous_3)
FN:107,(anonymous_4)
FN:128,(anonymous_5)
FNF:6
FNH:6
FNDA:2,(anonymous_0)
FNDA:2,(anonymous_1)
FNDA:2,(anonymous_2)
FNDA:2,(anonymous_3)
FNDA:2,(anonymous_4)
FNDA:2,(anonymous_5)
DA:1,1
DA:2,1
DA:4,1
DA:5,2
DA:6,2
DA:8,2
DA:9,2
DA:16,2
DA:18,2
DA:19,2
DA:21,2
DA:22,1
DA:23,1
DA:26,2
DA:27,2
DA:29,2
DA:42,0
DA:43,0
DA:47,1
DA:48,2
DA:49,2
DA:50,2
DA:52,2
DA:53,1
DA:56,1
DA:58,0
DA:62,1
DA:63,2
DA:64,2
DA:66,2
DA:67,1
DA:70,1
DA:71,1
DA:73,1
DA:78,1
DA:80,1
DA:82,0
DA:83,0
DA:87,1
DA:88,2
DA:89,2
DA:90,2
DA:92,2
DA:94,2
DA:96,2
DA:97,1
DA:100,1
DA:102,0
DA:107,1
DA:108,2
DA:109,2
DA:110,2
DA:112,2
DA:117,2
DA:118,1
DA:121,1
DA:123,0
DA:128,1
DA:129,2
DA:130,2
DA:131,2
DA:133,2
DA:134,1
DA:136,1
DA:138,0
DA:142,1
LF:66
LH:58
BRDA:21,0,0,1
BRDA:21,0,1,1
BRDA:33,1,0,2
BRDA:33,1,1,0
BRDA:34,2,0,2
BRDA:34,2,1,0
BRDA:35,3,0,2
BRDA:35,3,1,1
BRDA:52,4,0,1
BRDA:52,4,1,1
BRDA:66,5,0,1
BRDA:66,5,1,1
BRDA:66,6,0,2
BRDA:66,6,1,2
BRDA:66,6,2,1
BRDA:66,6,3,1
BRDA:78,7,0,1
BRDA:78,7,1,0
BRDA:78,8,0,1
BRDA:78,8,1,0
BRDA:92,9,0,1
BRDA:92,9,1,1
BRDA:96,10,0,1
BRDA:96,10,1,1
BRDA:114,11,0,2
BRDA:114,11,1,1
BRDA:114,12,0,2
BRDA:114,12,1,1
BRDA:117,13,0,1
BRDA:117,13,1,1
BRDA:133,14,0,1
BRDA:133,14,1,1
BRF:32
BRH:28
end_of_record
TN:
SF:controllers\adminManageController.js
FN:5,(anonymous_0)
FN:25,(anonymous_1)
FN:66,(anonymous_2)
FN:90,(anonymous_3)
FN:108,(anonymous_4)
FNF:5
FNH:5
FNDA:1,(anonymous_0)
FNDA:3,(anonymous_1)
FNDA:3,(anonymous_2)
FNDA:2,(anonymous_3)
FNDA:4,(anonymous_4)
DA:1,1
DA:2,1
DA:3,1
DA:5,1
DA:6,1
DA:7,1
DA:11,1
DA:13,1
DA:20,0
DA:21,0
DA:25,1
DA:26,3
DA:27,3
DA:29,3
DA:30,1
DA:33,2
DA:34,2
DA:36,2
DA:37,1
DA:42,1
DA:43,1
DA:45,1
DA:47,1
DA:48,1
DA:50,1
DA:61,0
DA:62,0
DA:66,1
DA:67,3
DA:68,3
DA:69,3
DA:71,3
DA:72,1
DA:75,2
DA:76,2
DA:78,2
DA:79,1
DA:82,1
DA:85,0
DA:86,0
DA:90,1
DA:91,2
DA:92,2
DA:93,2
DA:94,2
DA:96,2
DA:97,1
DA:100,1
DA:103,0
DA:104,0
DA:108,1
DA:109,4
DA:110,4
DA:111,4
DA:113,4
DA:114,1
DA:117,3
DA:118,3
DA:119,1
DA:122,2
DA:123,2
DA:124,2
DA:125,1
DA:128,1
DA:129,1
DA:131,1
DA:133,0
DA:134,0
DA:138,1
LF:69
LH:59
BRDA:29,0,0,1
BRDA:29,0,1,2
BRDA:29,1,0,3
BRDA:29,1,1,3
BRDA:36,2,0,1
BRDA:36,2,1,1
BRDA:71,3,0,1
BRDA:71,3,1,2
BRDA:71,4,0,3
BRDA:71,4,1,3
BRDA:78,5,0,1
BRDA:78,5,1,1
BRDA:96,6,0,1
BRDA:96,6,1,1
BRDA:113,7,0,1
BRDA:113,7,1,3
BRDA:113,8,0,4
BRDA:113,8,1,4
BRDA:118,9,0,1
BRDA:118,9,1,2
BRDA:124,10,0,1
BRDA:124,10,1,1
BRF:22
BRH:22
end_of_record
TN:
SF:controllers\adminReportController.js
FN:4,(anonymous_0)
FN:32,(anonymous_1)
FN:69,(anonymous_2)
FNF:3
FNH:3
FNDA:1,(anonymous_0)
FNDA:5,(anonymous_1)
FNDA:2,(anonymous_2)
DA:1,1
DA:2,1
DA:4,1
DA:5,1
DA:7,1
DA:20,1
DA:22,1
DA:28,0
DA:32,1
DA:33,5
DA:34,5
DA:36,5
DA:37,1
DA:40,4
DA:41,4
DA:42,1
DA:47,3
DA:48,3
DA:49,3
DA:51,3
DA:52,1
DA:53,1
DA:56,3
DA:58,3
DA:59,1
DA:62,2
DA:65,0
DA:69,1
DA:70,2
DA:71,2
DA:73,2
DA:74,2
DA:76,2
DA:77,1
DA:79,1
DA:82,0
DA:83,0
DA:87,1
LF:38
LH:34
BRDA:36,0,0,1
BRDA:36,0,1,4
BRDA:36,1,0,5
BRDA:36,1,1,5
BRDA:41,2,0,1
BRDA:41,2,1,3
BRDA:51,3,0,1
BRDA:51,3,1,2
BRDA:58,4,0,1
BRDA:58,4,1,2
BRDA:76,5,0,1
BRDA:76,5,1,1
BRF:12
BRH:12
end_of_record
TN:
SF:controllers\adminSubController.js
FN:4,(anonymous_0)
FN:49,(anonymous_1)
FN:83,(anonymous_2)
FN:113,(anonymous_3)
FN:162,(anonymous_4)
FNF:5
FNH:5
FNDA:2,(anonymous_0)
FNDA:2,(anonymous_1)
FNDA:4,(anonymous_2)
FNDA:5,(anonymous_3)
FNDA:2,(anonymous_4)
DA:1,1
DA:2,1
DA:4,1
DA:5,2
DA:6,2
DA:8,2
DA:10,2
DA:21,2
DA:23,2
DA:24,1
DA:25,1
DA:28,2
DA:29,1
DA:30,1
DA:33,2
DA:35,2
DA:37,2
DA:44,0
DA:45,0
DA:49,1
DA:50,2
DA:51,2
DA:53,2
DA:66,2
DA:68,2
DA:69,1
DA:72,1
DA:78,0
DA:79,0
DA:83,1
DA:84,4
DA:85,4
DA:86,4
DA:88,4
DA:89,1
DA:92,3
DA:93,3
DA:94,1
DA:96,2
DA:97,1
DA:100,1
DA:101,1
DA:103,1
DA:105,1
DA:108,0
DA:109,0
DA:113,1
DA:114,5
DA:115,5
DA:116,5
DA:118,5
DA:119,5
DA:120,1
DA:123,4
DA:124,4
DA:126,4
DA:127,4
DA:129,4
DA:130,1
DA:131,1
DA:132,1
DA:134,1
DA:135,1
DA:137,1
DA:138,1
DA:141,4
DA:142,4
DA:144,4
DA:146,4
DA:147,1
DA:150,3
DA:151,1
DA:154,3
DA:157,0
DA:158,0
DA:162,1
DA:163,2
DA:164,2
DA:166,2
DA:168,2
DA:169,1
DA:172,1
DA:175,0
DA:176,0
DA:180,1
LF:85
LH:75
BRDA:23,0,0,1
BRDA:23,0,1,1
BRDA:28,1,0,1
BRDA:28,1,1,1
BRDA:68,2,0,1
BRDA:68,2,1,1
BRDA:88,3,0,1
BRDA:88,3,1,3
BRDA:93,4,0,1
BRDA:93,4,1,2
BRDA:96,5,0,1
BRDA:96,5,1,1
BRDA:119,6,0,1
BRDA:119,6,1,4
BRDA:124,7,0,3
BRDA:124,7,1,1
BRDA:129,8,0,1
BRDA:129,8,1,3
BRDA:146,9,0,1
BRDA:146,9,1,3
BRDA:150,10,0,1
BRDA:150,10,1,2
BRDA:150,11,0,3
BRDA:150,11,1,1
BRDA:150,11,2,2
BRDA:168,12,0,1
BRDA:168,12,1,1
BRF:27
BRH:27
end_of_record
TN:
SF:controllers\adminTransportController.js
FN:3,(anonymous_0)
FN:23,(anonymous_1)
FN:52,(anonymous_2)
FN:76,(anonymous_3)
FN:102,(anonymous_4)
FN:132,(anonymous_5)
FN:134,(anonymous_6)
FN:150,(anonymous_7)
FN:176,(anonymous_8)
FN:195,(anonymous_9)
FN:223,(anonymous_10)
FN:242,(anonymous_11)
FN:269,(anonymous_12)
FN:308,(anonymous_13)
FN:331,(anonymous_14)
FN:359,(anonymous_15)
FN:374,(anonymous_16)
FN:389,(anonymous_17)
FN:420,(anonymous_18)
FN:444,(anonymous_19)
FN:470,(anonymous_20)
FNF:21
FNH:21
FNDA:7,(anonymous_0)
FNDA:2,(anonymous_1)
FNDA:3,(anonymous_2)
FNDA:2,(anonymous_3)
FNDA:1,(anonymous_4)
FNDA:1,(anonymous_5)
FNDA:1,(anonymous_6)
FNDA:3,(anonymous_7)
FNDA:2,(anonymous_8)
FNDA:2,(anonymous_9)
FNDA:1,(anonymous_10)
FNDA:2,(anonymous_11)
FNDA:3,(anonymous_12)
FNDA:1,(anonymous_13)
FNDA:2,(anonymous_14)
FNDA:2,(anonymous_15)
FNDA:2,(anonymous_16)
FNDA:1,(anonymous_17)
FNDA:2,(anonymous_18)
FNDA:2,(anonymous_19)
FNDA:2,(anonymous_20)
DA:1,1
DA:3,1
DA:4,7
DA:5,7
DA:7,6
DA:8,4
DA:11,2
DA:12,2
DA:13,2
DA:15,2
DA:16,1
DA:19,1
DA:20,1
DA:23,1
DA:24,2
DA:25,2
DA:26,2
DA:27,2
DA:29,2
DA:30,2
DA:32,2
DA:33,1
DA:34,1
DA:37,2
DA:39,2
DA:46,0
DA:47,0
DA:52,1
DA:53,3
DA:54,3
DA:55,3
DA:57,3
DA:61,3
DA:68,3
DA:71,0
DA:72,0
DA:76,1
DA:77,2
DA:78,2
DA:79,2
DA:81,2
DA:86,2
DA:90,2
DA:91,1
DA:94,1
DA:97,0
DA:98,0
DA:102,1
DA:103,1
DA:104,1
DA:106,1
DA:123,1
DA:125,1
DA:130,1
DA:132,1
DA:134,1
DA:137,1
DA:142,1
DA:145,0
DA:146,0
DA:150,1
DA:152,3
DA:153,3
DA:154,3
DA:155,3
DA:156,3
DA:158,2
DA:159,1
DA:162,1
DA:166,1
DA:168,1
DA:174,1
DA:175,1
DA:176,2
DA:180,1
DA:183,1
DA:184,1
DA:187,1
DA:188,1
DA:189,1
DA:191,3
DA:195,1
DA:197,2
DA:198,2
DA:199,2
DA:200,2
DA:201,2
DA:203,2
DA:208,2
DA:210,2
DA:214,2
DA:215,1
DA:216,1
DA:219,1
DA:221,1
DA:222,1
DA:223,1
DA:227,1
DA:230,1
DA:231,1
DA:234,0
DA:235,0
DA:236,0
DA:238,2
DA:242,1
DA:244,2
DA:245,2
DA:246,2
DA:247,2
DA:249,2
DA:251,2
DA:253,2
DA:254,1
DA:255,1
DA:258,1
DA:259,1
DA:261,0
DA:262,0
DA:263,0
DA:265,2
DA:269,1
DA:270,3
DA:271,3
DA:273,3
DA:279,3
DA:281,3
DA:282,3
DA:284,3
DA:285,1
DA:286,2
DA:287,1
DA:290,3
DA:292,3
DA:303,0
DA:304,0
DA:308,1
DA:309,1
DA:310,1
DA:311,1
DA:313,1
DA:317,1
DA:323,1
DA:326,0
DA:327,0
DA:331,1
DA:332,2
DA:333,2
DA:334,2
DA:336,2
DA:341,2
DA:347,2
DA:348,1
DA:351,1
DA:354,0
DA:355,0
DA:359,1
DA:360,2
DA:361,2
DA:362,2
DA:364,2
DA:365,1
DA:367,1
DA:369,0
DA:370,0
DA:374,1
DA:375,2
DA:376,2
DA:377,2
DA:379,2
DA:380,1
DA:382,1
DA:384,0
DA:385,0
DA:389,1
DA:390,1
DA:391,1
DA:406,1
DA:408,1
DA:415,0
DA:416,0
DA:420,1
DA:421,2
DA:422,2
DA:424,2
DA:425,1
DA:428,1
DA:432,1
DA:436,1
DA:439,0
DA:440,0
DA:444,1
DA:445,2
DA:446,2
DA:447,2
DA:449,2
DA:454,2
DA:458,2
DA:459,1
DA:462,1
DA:465,0
DA:466,0
DA:470,1
DA:471,2
DA:472,2
DA:473,2
DA:475,2
DA:476,1
DA:478,1
DA:480,0
DA:481,0
DA:485,1
LF:211
LH:179
BRDA:7,0,0,4
BRDA:7,0,1,2
BRDA:15,1,0,1
BRDA:15,1,1,1
BRDA:32,2,0,1
BRDA:32,2,1,1
BRDA:63,3,0,3
BRDA:63,3,1,3
BRDA:63,4,0,3
BRDA:63,4,1,3
BRDA:64,5,0,3
BRDA:64,5,1,3
BRDA:64,6,0,3
BRDA:64,6,1,3
BRDA:65,7,0,0
BRDA:65,7,1,3
BRDA:90,8,0,1
BRDA:90,8,1,1
BRDA:158,9,0,1
BRDA:158,9,1,1
BRDA:158,10,0,2
BRDA:158,10,1,2
BRDA:158,10,2,1
BRDA:158,10,3,1
BRDA:170,11,0,1
BRDA:170,11,1,0
BRDA:174,12,0,1
BRDA:174,12,1,0
BRDA:174,13,0,1
BRDA:174,13,1,1
BRDA:174,13,2,1
BRDA:178,14,0,2
BRDA:178,14,1,0
BRDA:178,15,0,2
BRDA:178,15,1,1
BRDA:187,16,0,1
BRDA:187,16,1,0
BRDA:191,17,0,3
BRDA:191,17,1,0
BRDA:214,18,0,1
BRDA:214,18,1,1
BRDA:221,19,0,1
BRDA:221,19,1,0
BRDA:221,20,0,1
BRDA:221,20,1,1
BRDA:221,20,2,1
BRDA:225,21,0,1
BRDA:225,21,1,0
BRDA:225,22,0,1
BRDA:225,22,1,0
BRDA:234,23,0,0
BRDA:234,23,1,0
BRDA:238,24,0,2
BRDA:238,24,1,0
BRDA:253,25,0,1
BRDA:253,25,1,1
BRDA:261,26,0,0
BRDA:261,26,1,0
BRDA:265,27,0,2
BRDA:265,27,1,0
BRDA:284,28,0,1
BRDA:284,28,1,2
BRDA:286,29,0,1
BRDA:286,29,1,1
BRDA:295,30,0,3
BRDA:295,30,1,2
BRDA:296,31,0,3
BRDA:296,31,1,2
BRDA:297,32,0,3
BRDA:297,32,1,2
BRDA:318,33,0,1
BRDA:318,33,1,0
BRDA:318,34,0,1
BRDA:318,34,1,0
BRDA:318,35,0,1
BRDA:318,35,1,0
BRDA:319,36,0,1
BRDA:319,36,1,0
BRDA:319,37,0,1
BRDA:319,37,1,1
BRDA:320,38,0,1
BRDA:320,38,1,0
BRDA:342,39,0,2
BRDA:342,39,1,1
BRDA:342,40,0,2
BRDA:342,40,1,1
BRDA:342,41,0,2
BRDA:342,41,1,1
BRDA:347,42,0,1
BRDA:347,42,1,1
BRDA:364,43,0,1
BRDA:364,43,1,1
BRDA:379,44,0,1
BRDA:379,44,1,1
BRDA:424,45,0,1
BRDA:424,45,1,1
BRDA:424,46,0,2
BRDA:424,46,1,2
BRDA:424,46,2,1
BRDA:433,47,0,1
BRDA:433,47,1,0
BRDA:455,48,0,2
BRDA:455,48,1,1
BRDA:458,49,0,1
BRDA:458,49,1,1
BRDA:475,50,0,1
BRDA:475,50,1,1
BRF:107
BRH:86
end_of_record
TN:
SF:controllers\adminUserController.js
FN:4,(anonymous_0)
FN:69,(anonymous_1)
FN:94,(anonymous_2)
FNF:3
FNH:3
FNDA:2,(anonymous_0)
FNDA:3,(anonymous_1)
FNDA:2,(anonymous_2)
DA:1,1
DA:4,1
DA:5,2
DA:6,2
DA:8,2
DA:16,2
DA:18,2
DA:33,2
DA:36,2
DA:37,1
DA:38,1
DA:42,2
DA:43,1
DA:44,1
DA:47,2
DA:48,2
DA:50,2
DA:63,0
DA:64,0
DA:69,1
DA:70,3
DA:71,3
DA:72,3
DA:74,3
DA:76,3
DA:81,3
DA:82,1
DA:85,2
DA:86,2
DA:88,0
DA:89,0
DA:94,1
DA:95,2
DA:96,2
DA:99,2
DA:102,2
DA:105,2
DA:108,2
DA:110,2
DA:111,1
DA:114,1
DA:116,0
DA:117,0
DA:121,1
LF:44
LH:38
BRDA:36,0,0,1
BRDA:36,0,1,1
BRDA:42,1,0,1
BRDA:42,1,1,1
BRDA:42,2,0,2
BRDA:42,2,1,1
BRDA:54,3,0,2
BRDA:54,3,1,0
BRDA:55,4,0,2
BRDA:55,4,1,0
BRDA:56,5,0,2
BRDA:56,5,1,1
BRDA:74,6,0,2
BRDA:74,6,1,1
BRDA:81,7,0,1
BRDA:81,7,1,2
BRDA:85,8,0,1
BRDA:85,8,1,1
BRDA:110,9,0,1
BRDA:110,9,1,1
BRF:20
BRH:18
end_of_record
TN:
SF:controllers\authController.js
FN:9,(anonymous_0)
FN:74,(anonymous_1)
FN:104,(anonymous_2)
FN:171,(anonymous_3)
FN:208,(anonymous_4)
FNF:5
FNH:5
FNDA:5,(anonymous_0)
FNDA:4,(anonymous_1)
FNDA:6,(anonymous_2)
FNDA:3,(anonymous_3)
FNDA:4,(anonymous_4)
DA:1,1
DA:2,1
DA:3,1
DA:4,1
DA:5,1
DA:6,1
DA:9,1
DA:10,5
DA:11,5
DA:12,5
DA:14,5
DA:15,1
DA:18,4
DA:19,1
DA:22,3
DA:24,3
DA:25,2
DA:26,1
DA:27,1
DA:30,1
DA:31,1
DA:32,1
DA:35,1
DA:37,1
DA:42,1
DA:43,1
DA:44,1
DA:46,1
DA:51,1
DA:53,1
DA:55,1
DA:56,1
DA:57,1
DA:59,1
DA:65,1
DA:66,1
DA:67,1
DA:69,5
DA:74,1
DA:75,4
DA:76,4
DA:78,4
DA:79,1
DA:82,3
DA:84,3
DA:85,1
DA:89,2
DA:90,1
DA:93,1
DA:95,1
DA:98,0
DA:99,0
DA:104,1
DA:105,6
DA:106,6
DA:108,6
DA:109,1
DA:112,5
DA:118,5
DA:120,5
DA:121,1
DA:124,4
DA:127,4
DA:128,1
DA:135,3
DA:136,1
DA:140,2
DA:141,2
DA:142,1
DA:145,1
DA:151,1
DA:165,0
DA:166,0
DA:171,1
DA:172,3
DA:173,3
DA:174,3
DA:175,1
DA:178,2
DA:179,2
DA:180,1
DA:183,1
DA:186,1
DA:192,1
DA:194,1
DA:195,1
DA:196,1
DA:197,1
DA:199,1
DA:202,0
DA:203,0
DA:208,1
DA:209,4
DA:210,4
DA:211,4
DA:212,1
DA:215,3
DA:216,1
DA:221,2
DA:222,2
DA:224,1
DA:227,1
DA:228,1
DA:231,1
DA:233,1
DA:236,0
DA:237,0
DA:241,1
LF:108
LH:100
BRDA:14,0,0,1
BRDA:14,0,1,4
BRDA:14,1,0,5
BRDA:14,1,1,4
BRDA:14,1,2,4
BRDA:14,1,3,4
BRDA:18,2,0,1
BRDA:18,2,1,3
BRDA:25,3,0,1
BRDA:25,3,1,1
BRDA:43,4,0,1
BRDA:43,4,1,0
BRDA:44,5,0,1
BRDA:44,5,1,0
BRDA:78,6,0,1
BRDA:78,6,1,3
BRDA:78,7,0,4
BRDA:78,7,1,4
BRDA:84,8,0,1
BRDA:84,8,1,2
BRDA:89,9,0,1
BRDA:89,9,1,1
BRDA:108,10,0,1
BRDA:108,10,1,5
BRDA:108,11,0,6
BRDA:108,11,1,6
BRDA:120,12,0,1
BRDA:120,12,1,4
BRDA:127,13,0,1
BRDA:127,13,1,3
BRDA:135,14,0,1
BRDA:135,14,1,2
BRDA:141,15,0,1
BRDA:141,15,1,1
BRDA:174,16,0,1
BRDA:174,16,1,2
BRDA:179,17,0,1
BRDA:179,17,1,1
BRDA:211,18,0,1
BRDA:211,18,1,3
BRDA:211,19,0,4
BRDA:211,19,1,4
BRDA:215,20,0,1
BRDA:215,20,1,2
BRF:44
BRH:42
end_of_record
TN:
SF:controllers\profileController.js
FN:4,(anonymous_0)
FN:52,(anonymous_1)
FN:87,(anonymous_2)
FNF:3
FNH:3
FNDA:3,(anonymous_0)
FNDA:3,(anonymous_1)
FNDA:5,(anonymous_2)
DA:1,1
DA:2,1
DA:4,1
DA:5,3
DA:6,3
DA:9,3
DA:23,3
DA:25,3
DA:26,1
DA:29,2
DA:31,2
DA:33,2
DA:47,0
DA:48,0
DA:52,1
DA:53,3
DA:54,3
DA:55,3
DA:57,3
DA:58,1
DA:61,2
DA:67,2
DA:75,2
DA:76,1
DA:79,1
DA:82,0
DA:83,0
DA:87,1
DA:88,5
DA:89,5
DA:90,5
DA:92,5
DA:93,1
DA:96,4
DA:97,1
DA:100,3
DA:101,3
DA:102,1
DA:104,2
DA:106,2
DA:107,2
DA:108,1
DA:111,1
DA:113,1
DA:115,1
DA:117,0
DA:118,0
DA:122,1
LF:48
LH:42
BRDA:25,0,0,1
BRDA:25,0,1,2
BRDA:41,1,0,2
BRDA:41,1,1,0
BRDA:57,2,0,1
BRDA:57,2,1,2
BRDA:69,3,0,2
BRDA:69,3,1,1
BRDA:70,4,0,2
BRDA:70,4,1,1
BRDA:71,5,0,2
BRDA:71,5,1,1
BRDA:75,6,0,1
BRDA:75,6,1,1
BRDA:92,7,0,1
BRDA:92,7,1,4
BRDA:92,8,0,5
BRDA:92,8,1,5
BRDA:96,9,0,1
BRDA:96,9,1,3
BRDA:101,10,0,1
BRDA:101,10,1,2
BRDA:107,11,0,1
BRDA:107,11,1,1
BRF:24
BRH:23
end_of_record
TN:
SF:controllers\reportController.js
FN:4,(anonymous_0)
FN:55,(anonymous_1)
FN:97,(anonymous_2)
FNF:3
FNH:3
FNDA:5,(anonymous_0)
FNDA:3,(anonymous_1)
FNDA:1,(anonymous_2)
DA:1,1
DA:2,1
DA:4,1
DA:5,5
DA:6,5
DA:7,5
DA:9,5
DA:10,1
DA:13,4
DA:15,2
DA:20,2
DA:22,2
DA:23,1
DA:29,3
DA:31,3
DA:36,3
DA:45,2
DA:50,1
DA:51,1
DA:55,1
DA:56,3
DA:57,3
DA:59,3
DA:64,3
DA:65,2
DA:67,2
DA:84,2
DA:86,2
DA:92,1
DA:93,1
DA:97,1
DA:98,1
DA:99,1
DA:106,1
DA:113,1
DA:121,0
DA:122,0
DA:126,1
LF:38
LH:36
BRDA:9,0,0,1
BRDA:9,0,1,4
BRDA:9,1,0,5
BRDA:9,1,1,5
BRDA:13,2,0,2
BRDA:13,2,1,2
BRDA:22,3,0,1
BRDA:22,3,1,1
BRDA:40,4,0,3
BRDA:40,4,1,2
BRDA:41,5,0,3
BRDA:41,5,1,1
BRF:12
BRH:12
end_of_record
TN:
SF:controllers\searchController.js
FN:4,(anonymous_0)
FN:10,(anonymous_1)
FN:12,(anonymous_2)
FN:14,(anonymous_3)
FN:19,(anonymous_4)
FN:29,(anonymous_5)
FN:42,(anonymous_6)
FN:268,(anonymous_7)
FNF:8
FNH:8
FNDA:6,(anonymous_0)
FNDA:1,(anonymous_1)
FNDA:2,(anonymous_2)
FNDA:3,(anonymous_3)
FNDA:6,(anonymous_4)
FNDA:6,(anonymous_5)
FNDA:8,(anonymous_6)
FNDA:4,(anonymous_7)
DA:1,1
DA:4,1
DA:5,6
DA:7,6
DA:9,6
DA:10,1
DA:11,5
DA:12,2
DA:13,3
DA:14,3
DA:16,0
DA:19,6
DA:29,1
DA:30,6
DA:31,6
DA:32,6
DA:39,6
DA:42,1
DA:43,8
DA:44,8
DA:45,8
DA:47,8
DA:48,1
DA:51,7
DA:52,6
DA:54,6
DA:55,6
DA:58,6
DA:59,6
DA:61,6
DA:62,2
DA:63,2
DA:66,4
DA:69,4
DA:70,4
DA:89,4
DA:90,4
DA:92,4
DA:93,1
DA:94,1
DA:95,1
DA:96,1
DA:97,1
DA:98,1
DA:108,1
DA:110,3
DA:113,3
DA:114,3
DA:151,3
DA:152,3
DA:154,3
DA:155,1
DA:156,1
DA:157,1
DA:158,1
DA:159,1
DA:160,1
DA:161,1
DA:162,1
DA:171,1
DA:173,2
DA:176,2
DA:177,2
DA:232,2
DA:233,2
DA:235,2
DA:236,1
DA:237,1
DA:238,1
DA:239,1
DA:240,1
DA:241,1
DA:242,1
DA:243,1
DA:244,1
DA:245,1
DA:255,1
DA:258,1
DA:259,1
DA:262,1
DA:263,1
DA:268,1
DA:269,4
DA:270,4
DA:272,4
DA:273,2
DA:276,2
DA:277,2
DA:284,2
DA:285,1
DA:287,1
DA:288,1
DA:292,1
LF:93
LH:92
BRDA:5,0,0,0
BRDA:5,0,1,6
BRDA:7,1,0,6
BRDA:7,1,1,0
BRDA:9,2,0,1
BRDA:9,2,1,5
BRDA:10,3,0,1
BRDA:10,3,1,0
BRDA:11,4,0,2
BRDA:11,4,1,3
BRDA:13,5,0,3
BRDA:13,5,1,0
BRDA:47,6,0,1
BRDA:47,6,1,7
BRDA:47,7,0,8
BRDA:47,7,1,8
BRDA:52,8,0,3
BRDA:52,8,1,3
BRDA:61,9,0,2
BRDA:61,9,1,4
BRDA:61,10,0,6
BRDA:61,10,1,5
BRDA:92,11,0,1
BRDA:92,11,1,3
BRDA:154,12,0,1
BRDA:154,12,1,2
BRDA:164,13,0,1
BRDA:164,13,1,1
BRDA:235,14,0,1
BRDA:235,14,1,1
BRDA:247,15,0,1
BRDA:247,15,1,1
BRDA:247,15,2,1
BRDA:272,16,0,2
BRDA:272,16,1,2
BRDA:272,17,0,4
BRDA:272,17,1,3
BRF:37
BRH:33
end_of_record
TN:
SF:controllers\subscriptionController.js
FN:6,(anonymous_0)
FN:63,(anonymous_1)
FN:116,(anonymous_2)
FN:136,(anonymous_3)
FN:190,(anonymous_4)
FNF:5
FNH:5
FNDA:3,(anonymous_0)
FNDA:3,(anonymous_1)
FNDA:2,(anonymous_2)
FNDA:5,(anonymous_3)
FNDA:3,(anonymous_4)
DA:1,1
DA:2,1
DA:3,1
DA:6,1
DA:7,3
DA:8,3
DA:17,3
DA:19,3
DA:20,1
DA:23,2
DA:24,2
DA:26,2
DA:27,1
DA:32,1
DA:34,1
DA:40,1
DA:51,1
DA:57,0
DA:58,0
DA:63,1
DA:64,3
DA:65,3
DA:67,3
DA:88,3
DA:90,3
DA:91,1
DA:96,2
DA:98,2
DA:99,1
DA:100,1
DA:103,2
DA:110,0
DA:111,0
DA:116,1
DA:117,2
DA:118,2
DA:120,2
DA:121,2
DA:123,2
DA:124,1
DA:127,1
DA:130,0
DA:131,0
DA:136,1
DA:137,5
DA:138,5
DA:139,5
DA:141,5
DA:142,5
DA:144,5
DA:145,1
DA:148,4
DA:149,4
DA:150,4
DA:152,4
DA:153,1
DA:154,3
DA:155,1
DA:157,2
DA:160,4
DA:161,4
DA:163,4
DA:169,4
DA:171,4
DA:172,1
DA:175,3
DA:178,0
DA:179,0
DA:183,1
DA:190,1
DA:191,3
DA:192,3
DA:193,3
DA:195,3
DA:198,3
DA:199,1
DA:200,1
DA:207,2
DA:220,2
DA:221,1
DA:224,1
DA:225,1
DA:229,1
LF:83
LH:75
BRDA:19,0,0,1
BRDA:19,0,1,2
BRDA:19,1,0,3
BRDA:19,1,1,3
BRDA:19,1,2,2
BRDA:19,1,3,2
BRDA:26,2,0,1
BRDA:26,2,1,1
BRDA:47,3,0,1
BRDA:47,3,1,0
BRDA:48,4,0,1
BRDA:48,4,1,0
BRDA:90,5,0,1
BRDA:90,5,1,2
BRDA:98,6,0,1
BRDA:98,6,1,1
BRDA:98,7,0,2
BRDA:98,7,1,2
BRDA:123,8,0,1
BRDA:123,8,1,1
BRDA:144,9,0,1
BRDA:144,9,1,4
BRDA:152,10,0,1
BRDA:152,10,1,3
BRDA:154,11,0,1
BRDA:154,11,1,2
BRDA:171,12,0,1
BRDA:171,12,1,3
BRDA:198,13,0,1
BRDA:198,13,1,2
BRDA:213,14,0,2
BRDA:213,14,1,0
BRDA:213,14,2,0
BRDA:214,15,0,2
BRDA:214,15,1,0
BRF:35
BRH:30
end_of_record
TN:
SF:middleware\authMiddleware.js
FN:3,(anonymous_0)
FN:20,(anonymous_1)
FN:29,(anonymous_2)
FNF:3
FNH:3
FNDA:3,(anonymous_0)
FNDA:3,(anonymous_1)
FNDA:4,(anonymous_2)
DA:1,1
DA:3,1
DA:4,3
DA:6,3
DA:7,1
DA:10,2
DA:11,2
DA:12,1
DA:13,1
DA:16,1
DA:20,1
DA:21,3
DA:22,1
DA:25,2
DA:29,1
DA:30,4
DA:31,1
DA:34,3
DA:38,1
LF:19
LH:19
BRDA:6,0,0,1
BRDA:6,0,1,2
BRDA:21,1,0,1
BRDA:21,1,1,2
BRDA:21,2,0,3
BRDA:21,2,1,2
BRDA:30,3,0,1
BRDA:30,3,1,3
BRDA:30,4,0,4
BRDA:30,4,1,3
BRDA:30,4,2,2
BRF:11
BRH:11
end_of_record
TN:
SF:routes\adminDashboardRoutes.js
FNF:0
FNH:0
DA:1,1
DA:2,1
DA:4,1
DA:5,1
DA:6,1
DA:8,1
DA:9,1
DA:11,1
LF:8
LH:8
BRF:0
BRH:0
end_of_record
TN:
SF:routes\adminGuideRoutes.js
FNF:0
FNH:0
DA:1,1
DA:2,1
DA:11,1
DA:13,1
DA:15,1
DA:16,1
DA:17,1
DA:18,1
DA:19,1
DA:20,1
DA:22,1
LF:11
LH:11
BRF:0
BRH:0
end_of_record
TN:
SF:routes\adminManageRoutes.js
FNF:0
FNH:0
DA:1,1
DA:2,1
DA:6,1
DA:7,1
DA:9,1
DA:11,1
DA:12,1
DA:13,1
DA:15,1
LF:9
LH:9
BRF:0
BRH:0
end_of_record
TN:
SF:routes\adminReportRoutes.js
FNF:0
FNH:0
DA:1,1
DA:2,1
DA:3,1
DA:4,1
DA:6,1
DA:7,1
DA:8,1
DA:10,1
LF:8
LH:8
BRF:0
BRH:0
end_of_record
TN:
SF:routes\adminSubRoutes.js
FNF:0
FNH:0
DA:1,1
DA:2,1
DA:10,1
DA:12,1
DA:14,1
DA:15,1
DA:16,1
DA:17,1
DA:18,1
DA:20,1
LF:10
LH:10
BRF:0
BRH:0
end_of_record
TN:
SF:routes\adminTransportRoutes.js
FNF:0
FNH:0
DA:1,1
DA:2,1
DA:3,1
DA:4,1
DA:6,1
DA:7,1
DA:8,1
DA:9,1
DA:11,1
DA:12,1
DA:13,1
DA:14,1
DA:16,1
DA:17,1
DA:18,1
DA:19,1
DA:21,1
DA:22,1
DA:23,1
DA:24,1
DA:26,1
LF:21
LH:21
BRF:0
BRH:0
end_of_record
TN:
SF:routes\adminUserRoutes.js
FNF:0
FNH:0
DA:1,1
DA:2,1
DA:3,1
DA:4,1
DA:6,1
DA:7,1
DA:8,1
DA:10,1
LF:8
LH:8
BRF:0
BRH:0
end_of_record
TN:
SF:routes\authRoutes.js
FNF:0
FNH:0
DA:1,1
DA:2,1
DA:3,1
DA:5,1
DA:6,1
DA:7,1
DA:8,1
DA:9,1
DA:11,1
LF:9
LH:9
BRF:0
BRH:0
end_of_record
TN:
SF:routes\profileRoutes.js
FNF:0
FNH:0
DA:1,1
DA:2,1
DA:3,1
DA:4,1
DA:5,1
DA:7,1
DA:8,1
DA:9,1
DA:11,1
LF:9
LH:9
BRF:0
BRH:0
end_of_record
TN:
SF:routes\reportRoutes.js
FNF:0
FNH:0
DA:1,1
DA:2,1
DA:3,1
DA:4,1
DA:6,1
DA:7,1
DA:8,1
DA:9,1
DA:11,1
LF:9
LH:9
BRF:0
BRH:0
end_of_record
TN:
SF:routes\searchRoutes.js
FNF:0
FNH:0
DA:1,1
DA:2,1
DA:3,1
DA:4,1
DA:6,1
DA:7,1
DA:9,1
LF:7
LH:7
BRF:0
BRH:0
end_of_record
TN:
SF:routes\subscriptionRoutes.js
FNF:0
FNH:0
DA:1,1
DA:2,1
DA:3,1
DA:4,1
DA:6,1
DA:8,1
DA:9,1
DA:10,1
DA:11,1
DA:13,1
LF:10
LH:10
BRF:0
BRH:0
end_of_record
TN:
SF:utils\autoExpire.js
FN:3,(anonymous_0)
FNF:1
FNH:1
FNDA:2,(anonymous_0)
DA:1,1
DA:3,1
DA:4,2
DA:6,2
DA:14,1
DA:20,1
DA:24,1
LF:7
LH:7
BRF:0
BRH:0
end_of_record
TN:
SF:utils\sendEmail.js
FN:1,(anonymous_0)
FNF:1
FNH:1
FNDA:3,(anonymous_0)
DA:1,1
DA:2,3
DA:3,3
DA:31,2
DA:33,2
DA:34,1
DA:36,1
DA:39,1
DA:43,1
LF:9
LH:9
BRDA:33,0,0,1
BRDA:33,0,1,1
BRF:2
BRH:2
end_of_record
TN:
SF:utils\sendResetEmail.js
FN:1,(anonymous_0)
FNF:1
FNH:1
FNDA:3,(anonymous_0)
DA:1,1
DA:2,3
DA:3,3
DA:34,2
DA:36,2
DA:37,1
DA:39,1
DA:42,1
DA:46,1
LF:9
LH:9
BRDA:36,0,0,1
BRDA:36,0,1,1
BRF:2
BRH:2
end_of_record
